Using pre-set license
Built from '2020.3/staging' branch; Version is '2020.3.18f1 (a7d1c678663c) revision 10998214'; Using compiler version '192528614'; Build Type 'Release'
OS: 'Windows 10 Education; OS build 19043.1237; Version 2009; 64bit' Language: 'ru' Physical Memory: 8092 MB
BatchMode: 1, IsHumanControllingUs: 0, StartBugReporterOnCrash: 0, Is64bit: 1, IsPro: 0

COMMAND LINE ARGUMENTS:
E:\Unity\Editor\2020.3.18f1\Editor\Unity.exe
-adb2
-batchMode
-noUpm
-name
AssetImportWorker0
-projectPath
E:/Projects/GitHub Repositories/Unity/Billiards-Game
-logFile
Logs/AssetImportWorker0.log
-srvPort
12720
Successfully changed project path to: E:/Projects/GitHub Repositories/Unity/Billiards-Game
E:/Projects/GitHub Repositories/Unity/Billiards-Game
Using Asset Import Pipeline V2.
Refreshing native plugins compatible for Editor in 61.95 ms, found 2 plugins.
Preloading 0 native plugins for Editor in 0.00 ms.
Initialize engine version: 2020.3.18f1 (a7d1c678663c)
[Subsystems] Discovering subsystems at path E:/Unity/Editor/2020.3.18f1/Editor/Data/Resources/UnitySubsystems
[Subsystems] Discovering subsystems at path E:/Projects/GitHub Repositories/Unity/Billiards-Game/Assets
GfxDevice: creating device client; threaded=0
Direct3D:
    Version:  Direct3D 11.0 [level 11.1]
    Renderer: Intel(R) HD Graphics 620 (ID=0x5916)
    Vendor:   
    VRAM:     4046 MB
    Driver:   27.20.100.9466
Initialize mono
Mono path[0] = 'E:/Unity/Editor/2020.3.18f1/Editor/Data/Managed'
Mono path[1] = 'E:/Unity/Editor/2020.3.18f1/Editor/Data/MonoBleedingEdge/lib/mono/unityjit'
Mono config path = 'E:/Unity/Editor/2020.3.18f1/Editor/Data/MonoBleedingEdge/etc'
Using monoOptions --debugger-agent=transport=dt_socket,embedding=1,server=y,suspend=n,address=127.0.0.1:56436
Begin MonoManager ReloadAssembly
Registering precompiled unity dll's ...
Register platform support module: E:/Unity/Editor/2020.3.18f1/Editor/Data/PlaybackEngines/WebGLSupport/UnityEditor.WebGL.Extensions.dll
Register platform support module: E:/Unity/Editor/2020.3.18f1/Editor/Data/PlaybackEngines/WindowsStandaloneSupport/UnityEditor.WindowsStandalone.Extensions.dll
Registered in 0.001539 seconds.
Native extension for WindowsStandalone target not found
Native extension for WebGL target not found
Refreshing native plugins compatible for Editor in 36.80 ms, found 2 plugins.
Preloading 0 native plugins for Editor in 0.00 ms.
Mono: successfully reloaded assembly
- Completed reload, in  1.654 seconds
Domain Reload Profiling:
	ReloadAssembly (1654ms)
		BeginReloadAssembly (110ms)
			ExecutionOrderSort (0ms)
			DisableScriptedObjects (0ms)
			BackupInstance (0ms)
			ReleaseScriptingObjects (0ms)
			CreateAndSetChildDomain (1ms)
		EndReloadAssembly (613ms)
			LoadAssemblies (109ms)
			RebuildTransferFunctionScriptingTraits (0ms)
			SetupTypeCache (187ms)
			ReleaseScriptCaches (0ms)
			RebuildScriptCaches (48ms)
			SetupLoadedEditorAssemblies (287ms)
				LogAssemblyErrors (0ms)
				InitializePlatformSupportModulesInManaged (6ms)
				SetLoadedEditorAssemblies (0ms)
				RefreshPlugins (37ms)
				BeforeProcessingInitializeOnLoad (22ms)
				ProcessInitializeOnLoadAttributes (176ms)
				ProcessInitializeOnLoadMethodAttributes (45ms)
				AfterProcessingInitializeOnLoad (0ms)
				EditorAssembliesLoaded (0ms)
			ExecutionOrderSort2 (0ms)
			AwakeInstancesAfterBackupRestoration (0ms)
Platform modules already initialized, skipping
Registering precompiled user dll's ...
Registered in 0.003143 seconds.
Begin MonoManager ReloadAssembly
Native extension for WindowsStandalone target not found
Native extension for WebGL target not found
Refreshing native plugins compatible for Editor in 0.36 ms, found 2 plugins.
Preloading 0 native plugins for Editor in 0.00 ms.
Mono: successfully reloaded assembly
- Completed reload, in  1.357 seconds
Domain Reload Profiling:
	ReloadAssembly (1358ms)
		BeginReloadAssembly (227ms)
			ExecutionOrderSort (0ms)
			DisableScriptedObjects (6ms)
			BackupInstance (0ms)
			ReleaseScriptingObjects (0ms)
			CreateAndSetChildDomain (29ms)
		EndReloadAssembly (1059ms)
			LoadAssemblies (112ms)
			RebuildTransferFunctionScriptingTraits (0ms)
			SetupTypeCache (336ms)
			ReleaseScriptCaches (0ms)
			RebuildScriptCaches (58ms)
			SetupLoadedEditorAssemblies (396ms)
				LogAssemblyErrors (0ms)
				InitializePlatformSupportModulesInManaged (21ms)
				SetLoadedEditorAssemblies (1ms)
				RefreshPlugins (0ms)
				BeforeProcessingInitializeOnLoad (96ms)
				ProcessInitializeOnLoadAttributes (269ms)
				ProcessInitializeOnLoadMethodAttributes (6ms)
				AfterProcessingInitializeOnLoad (3ms)
				EditorAssembliesLoaded (0ms)
			ExecutionOrderSort2 (0ms)
			AwakeInstancesAfterBackupRestoration (8ms)
Platform modules already initialized, skipping
========================================================================
Worker process is ready to serve import requests
Launched and connected shader compiler UnityShaderCompiler.exe after 0.20 seconds
Refreshing native plugins compatible for Editor in 0.58 ms, found 2 plugins.
Preloading 0 native plugins for Editor in 0.00 ms.
Unloading 1396 Unused Serialized files (Serialized files now loaded: 0)
System memory in use before: 64.8 MB.
System memory in use after: 64.9 MB.

Unloading 16 unused Assets to reduce memory usage. Loaded Objects now: 1831.
Total: 6.019900 ms (FindLiveObjects: 0.459600 ms CreateObjectMapping: 0.224000 ms MarkObjects: 5.239100 ms  DeleteObjects: 0.095200 ms)

AssetImportParameters requested are different than current active one (requested -> active):
  custom:framework-win-MediaFoundation: 216162199b28c13a410421893ffa2e32 -> 
  custom:video-decoder-ogg-theora: a1e56fd34408186e4bbccfd4996cb3dc -> 
  custom:container-muxer-webm: aa71ff27fc2769a1b78a27578f13a17b -> 
  custom:container-demuxer-webm: 4f35f7cbe854078d1ac9338744f61a02 -> 
  custom:container-demuxer-ogg: 62fdf1f143b41e24485cea50d1cbac27 -> 
  custom:video-encoder-webm-vp8: eb34c28f22e8b96e1ab97ce403110664 -> 
  custom:video-codec-MediaFoundation-h265: 746d11721c4dcdbdad8f713fa42b33f4 -> 
  custom:video-decoder-webm-vp8: 9c59270c3fd7afecdb556c50c9e8de78 -> 
  custom:audio-decoder-ogg-vorbis: bf7c407c2cedff20999df2af8eb42d56 -> 
  custom:audio-encoder-webm-vorbis: bf7c407c2cedff20999df2af8eb42d56 -> 
========================================================================
Received Import Request.
  path: Assets/Scenes/SampleScene.unity
  artifactKey: Guid(9fc0d4010bbf28b4594072e72b8655ab) Importer(815301076,1909f56bfc062723c751e8b465ee728b)
Start importing Assets/Scenes/SampleScene.unity using Guid(9fc0d4010bbf28b4594072e72b8655ab) Importer(815301076,1909f56bfc062723c751e8b465ee728b)  -> (artifact id: '85059f4f9e1a832ed95adaa0d25c5c4c') in 0.023783 seconds 
  Import took 0.037458 seconds .

========================================================================
Received Import Request.
  Time since last request: 22.901429 seconds.
  path: Assets/Scenes/Billiards.unity
  artifactKey: Guid(9fc0d4010bbf28b4594072e72b8655ab) Importer(815301076,1909f56bfc062723c751e8b465ee728b)
Start importing Assets/Scenes/Billiards.unity using Guid(9fc0d4010bbf28b4594072e72b8655ab) Importer(815301076,1909f56bfc062723c751e8b465ee728b)  -> (artifact id: '478f5fa1afdc3db05cb58bcbcb4edd8a') in 0.020607 seconds 
  Import took 0.030135 seconds .

========================================================================
Received Import Request.
  Time since last request: 92.425389 seconds.
  path: Assets/BarcadeGamesAssetPack/Models/FBX/CueStick.fbx
  artifactKey: Guid(76aa98bf98338429586e9d4335d63c1f) Importer(815301076,1909f56bfc062723c751e8b465ee728b)
Start importing Assets/BarcadeGamesAssetPack/Models/FBX/CueStick.fbx using Guid(76aa98bf98338429586e9d4335d63c1f) Importer(815301076,1909f56bfc062723c751e8b465ee728b)  -> (artifact id: '7e44bc2878be10be8420cf878a1562cf') in 0.445964 seconds 
  Import took 0.449166 seconds .

========================================================================
Received Import Request.
  Time since last request: 0.064318 seconds.
  path: Assets/BarcadeGamesAssetPack/Models/FBX/BilliardsTable.fbx
  artifactKey: Guid(b670f9e3fd3f6422e9d3de4feab83eb8) Importer(815301076,1909f56bfc062723c751e8b465ee728b)
Start importing Assets/BarcadeGamesAssetPack/Models/FBX/BilliardsTable.fbx using Guid(b670f9e3fd3f6422e9d3de4feab83eb8) Importer(815301076,1909f56bfc062723c751e8b465ee728b)  -> (artifact id: '8ec7fa3cc472eb8906d9da2178fdf2ad') in 0.062907 seconds 
  Import took 0.098597 seconds .

========================================================================
Received Import Request.
  Time since last request: 622.386352 seconds.
  path: Assets/BarcadeGamesAssetPack/Models/FBX/Ball.fbx
  artifactKey: Guid(cdac80e1dd15a450f93408e7aa5be2f7) Importer(815301076,1909f56bfc062723c751e8b465ee728b)
Start importing Assets/BarcadeGamesAssetPack/Models/FBX/Ball.fbx using Guid(cdac80e1dd15a450f93408e7aa5be2f7) Importer(815301076,1909f56bfc062723c751e8b465ee728b)  -> (artifact id: '9a16f862fdad8f576976709ab76f41e6') in 0.066169 seconds 
  Import took 0.069762 seconds .

========================================================================
Received Import Request.
  Time since last request: 1440.916887 seconds.
  path: Assets/BarcadeGamesAssetPack/Materials/PoolBallsMaps/Materials
  artifactKey: Guid(0f82d35ae0f474610bd7b17b3b2bd175) Importer(815301076,1909f56bfc062723c751e8b465ee728b)
Start importing Assets/BarcadeGamesAssetPack/Materials/PoolBallsMaps/Materials using Guid(0f82d35ae0f474610bd7b17b3b2bd175) Importer(815301076,1909f56bfc062723c751e8b465ee728b)  -> (artifact id: '02438ab222963d61d5cda12368d9562d') in 0.013830 seconds 
  Import took 0.019989 seconds .

========================================================================
Received Import Request.
  Time since last request: 0.002347 seconds.
  path: Assets/BarcadeGamesAssetPack/Materials/PoolBallsMaps/Materials
  artifactKey: Guid(0f82d35ae0f474610bd7b17b3b2bd175) Importer(815301076,1909f56bfc062723c751e8b465ee728b)
Start importing Assets/BarcadeGamesAssetPack/Materials/PoolBallsMaps/Materials using Guid(0f82d35ae0f474610bd7b17b3b2bd175) Importer(815301076,1909f56bfc062723c751e8b465ee728b)  -> (artifact id: '02438ab222963d61d5cda12368d9562d') in 0.004689 seconds 
  Import took 0.011017 seconds .

========================================================================
Received Import Request.
  Time since last request: 8.202324 seconds.
  path: Assets/BarcadeGamesAssetPack/Materials/PoolBallsMaps/Ball1.png
  artifactKey: Guid(e3dd7266fb5cf49c686b0b67d48fb5e0) Importer(815301076,1909f56bfc062723c751e8b465ee728b)
Start importing Assets/BarcadeGamesAssetPack/Materials/PoolBallsMaps/Ball1.png using Guid(e3dd7266fb5cf49c686b0b67d48fb5e0) Importer(815301076,1909f56bfc062723c751e8b465ee728b)  -> (artifact id: 'e14b8db22b8b1b19f4e1bb78103e53c9') in 0.063073 seconds 
  Import took 0.101827 seconds .

========================================================================
Received Import Request.
  Time since last request: 0.054800 seconds.
  path: Assets/BarcadeGamesAssetPack/Materials/PoolBallsMaps/Ball1.png
  artifactKey: Guid(e3dd7266fb5cf49c686b0b67d48fb5e0) Importer(815301076,1909f56bfc062723c751e8b465ee728b)
Start importing Assets/BarcadeGamesAssetPack/Materials/PoolBallsMaps/Ball1.png using Guid(e3dd7266fb5cf49c686b0b67d48fb5e0) Importer(815301076,1909f56bfc062723c751e8b465ee728b)  -> (artifact id: 'e14b8db22b8b1b19f4e1bb78103e53c9') in 0.014576 seconds 
  Import took 0.021114 seconds .

========================================================================
Received Import Request.
  Time since last request: 0.738093 seconds.
  path: Assets/BarcadeGamesAssetPack/Materials/PoolBallsMaps/Ball3.png
  artifactKey: Guid(264840c9f9e7f4639bf64603caae4fe9) Importer(815301076,1909f56bfc062723c751e8b465ee728b)
Start importing Assets/BarcadeGamesAssetPack/Materials/PoolBallsMaps/Ball3.png using Guid(264840c9f9e7f4639bf64603caae4fe9) Importer(815301076,1909f56bfc062723c751e8b465ee728b)  -> (artifact id: 'd2cab2d98d23dcd0c3a58e09f4ed432e') in 0.018498 seconds 
  Import took 0.112593 seconds .

========================================================================
Received Import Request.
  Time since last request: 2.325381 seconds.
  path: Assets/BarcadeGamesAssetPack/Materials/PoolBallsMaps/Ball5.png
  artifactKey: Guid(e42b347ada6224e3e952997022ee0b06) Importer(815301076,1909f56bfc062723c751e8b465ee728b)
Start importing Assets/BarcadeGamesAssetPack/Materials/PoolBallsMaps/Ball5.png using Guid(e42b347ada6224e3e952997022ee0b06) Importer(815301076,1909f56bfc062723c751e8b465ee728b)  -> (artifact id: '0ac4c3f33bf28b63b3b55b242c013091') in 0.017354 seconds 
  Import took 0.149512 seconds .

========================================================================
Received Import Request.
  Time since last request: 1.098646 seconds.
  path: Assets/BarcadeGamesAssetPack/Materials/PoolBallsMaps/Ball6.png
  artifactKey: Guid(a49fe9c85ba294a089228f6218d1cdbf) Importer(815301076,1909f56bfc062723c751e8b465ee728b)
Start importing Assets/BarcadeGamesAssetPack/Materials/PoolBallsMaps/Ball6.png using Guid(a49fe9c85ba294a089228f6218d1cdbf) Importer(815301076,1909f56bfc062723c751e8b465ee728b)  -> (artifact id: '16fb7a9301450659e7b6caba706e5dd7') in 0.037590 seconds 
  Import took 0.047411 seconds .

========================================================================
Received Import Request.
  Time since last request: 1.633047 seconds.
  path: Assets/BarcadeGamesAssetPack/Materials/PoolBallsMaps/Ball9.png
  artifactKey: Guid(fa1173361797649fdb494730f8e0256f) Importer(815301076,1909f56bfc062723c751e8b465ee728b)
Start importing Assets/BarcadeGamesAssetPack/Materials/PoolBallsMaps/Ball9.png using Guid(fa1173361797649fdb494730f8e0256f) Importer(815301076,1909f56bfc062723c751e8b465ee728b)  -> (artifact id: 'b1e2175790c3e68ba3adab71e7b76af3') in 0.018900 seconds 
  Import took 0.150741 seconds .

========================================================================
Received Import Request.
  Time since last request: 133.219619 seconds.
  path: Assets/BarcadeGamesAssetPack/Models/FBX/PoolChalk.fbx
  artifactKey: Guid(9e694aa74eb2e4ad18f7f81f9d902bb2) Importer(815301076,1909f56bfc062723c751e8b465ee728b)
Start importing Assets/BarcadeGamesAssetPack/Models/FBX/PoolChalk.fbx using Guid(9e694aa74eb2e4ad18f7f81f9d902bb2) Importer(815301076,1909f56bfc062723c751e8b465ee728b)  -> (artifact id: 'b742843034e9aa5faffc5a9beb783bcc') in 0.055835 seconds 
  Import took 0.059292 seconds .

========================================================================
Received Import Request.
  Time since last request: 604.803522 seconds.
  path: Assets
  artifactKey: Guid(00000000000000001000000000000000) Importer(815301076,1909f56bfc062723c751e8b465ee728b)
Start importing Assets using Guid(00000000000000001000000000000000) Importer(815301076,1909f56bfc062723c751e8b465ee728b)  -> (artifact id: '42d402b061de3733987d63b9cc3b64de') in 0.013520 seconds 
  Import took 0.419256 seconds .

========================================================================
Received Import Request.
  Time since last request: 9.312840 seconds.
  path: Assets/Prefabs
  artifactKey: Guid(805aae2fb2db4b54698b021a0747d263) Importer(815301076,1909f56bfc062723c751e8b465ee728b)
Start importing Assets/Prefabs using Guid(805aae2fb2db4b54698b021a0747d263) Importer(815301076,1909f56bfc062723c751e8b465ee728b)  -> (artifact id: 'ca2a14aa7f61a811c5b3c664e4243044') in 0.011539 seconds 
  Import took 0.015759 seconds .

========================================================================
Received Import Request.
  Time since last request: 24.086371 seconds.
  path: Assets/Prefabs/Ball
  artifactKey: Guid(ef2c9f2f050528a4d803ef0aa5890e23) Importer(815301076,1909f56bfc062723c751e8b465ee728b)
Start importing Assets/Prefabs/Ball using Guid(ef2c9f2f050528a4d803ef0aa5890e23) Importer(815301076,1909f56bfc062723c751e8b465ee728b)  -> (artifact id: 'a3b527518b40cdec6ba063005d8592c1') in 0.011105 seconds 
  Import took 0.014863 seconds .

========================================================================
Received Import Request.
  Time since last request: 0.006262 seconds.
  path: Assets/Prefabs/Ball
  artifactKey: Guid(ef2c9f2f050528a4d803ef0aa5890e23) Importer(815301076,1909f56bfc062723c751e8b465ee728b)
Start importing Assets/Prefabs/Ball using Guid(ef2c9f2f050528a4d803ef0aa5890e23) Importer(815301076,1909f56bfc062723c751e8b465ee728b)  -> (artifact id: 'a3b527518b40cdec6ba063005d8592c1') in 0.004326 seconds 
  Import took 0.008437 seconds .

========================================================================
Received Import Request.
  Time since last request: 3952.693735 seconds.
  path: Assets/BarcadeGamesAssetPack/Materials/Metal.mat
  artifactKey: Guid(6bf6df62df67c4320961ad0a711449eb) Importer(815301076,1909f56bfc062723c751e8b465ee728b)
Start importing Assets/BarcadeGamesAssetPack/Materials/Metal.mat using Guid(6bf6df62df67c4320961ad0a711449eb) Importer(815301076,1909f56bfc062723c751e8b465ee728b)  -> (artifact id: 'efc2dd22c6cfe93992c016444f1c0de9') in 0.060420 seconds 
  Import took 0.121999 seconds .

========================================================================
Received Import Request.
  Time since last request: 0.000325 seconds.
  path: Assets/BarcadeGamesAssetPack/Materials/PoolBallsMaps/White.mat
  artifactKey: Guid(fb1a97a59d65441a1ad7b31dfad6fba6) Importer(815301076,1909f56bfc062723c751e8b465ee728b)
Start importing Assets/BarcadeGamesAssetPack/Materials/PoolBallsMaps/White.mat using Guid(fb1a97a59d65441a1ad7b31dfad6fba6) Importer(815301076,1909f56bfc062723c751e8b465ee728b)  -> (artifact id: '1df6640217ffcd05b4c7cca098af1d75') in 0.027203 seconds 
  Import took 0.033510 seconds .

========================================================================
Received Import Request.
  Time since last request: 0.000454 seconds.
  path: Assets/BarcadeGamesAssetPack/Materials/Metal.mat
  artifactKey: Guid(6bf6df62df67c4320961ad0a711449eb) Importer(815301076,1909f56bfc062723c751e8b465ee728b)
Start importing Assets/BarcadeGamesAssetPack/Materials/Metal.mat using Guid(6bf6df62df67c4320961ad0a711449eb) Importer(815301076,1909f56bfc062723c751e8b465ee728b)  -> (artifact id: 'efc2dd22c6cfe93992c016444f1c0de9') in 0.019208 seconds 
  Import took 0.024230 seconds .

========================================================================
Received Import Request.
  Time since last request: 0.000245 seconds.
  path: Assets/BarcadeGamesAssetPack/Materials/seamless-wood-texture-free-7.mat
  artifactKey: Guid(45bb00b66f5344dfaaf66154c6079ac3) Importer(815301076,1909f56bfc062723c751e8b465ee728b)
Start importing Assets/BarcadeGamesAssetPack/Materials/seamless-wood-texture-free-7.mat using Guid(45bb00b66f5344dfaaf66154c6079ac3) Importer(815301076,1909f56bfc062723c751e8b465ee728b)  -> (artifact id: 'c8e40c551b26d085091df37316615574') in 0.026087 seconds 
  Import took 0.030859 seconds .

========================================================================
Received Import Request.
  Time since last request: 0.000382 seconds.
  path: Assets/BarcadeGamesAssetPack/Materials/seamless-wood-texture-free-6.mat
  artifactKey: Guid(944cfd3e5f85a491b8464199ed77f1aa) Importer(815301076,1909f56bfc062723c751e8b465ee728b)
Start importing Assets/BarcadeGamesAssetPack/Materials/seamless-wood-texture-free-6.mat using Guid(944cfd3e5f85a491b8464199ed77f1aa) Importer(815301076,1909f56bfc062723c751e8b465ee728b)  -> (artifact id: '001428cc2beee410cefde24a3042b8b2') in 0.028349 seconds 
  Import took 0.033629 seconds .

========================================================================
Received Import Request.
  Time since last request: 0.000267 seconds.
  path: Assets/BarcadeGamesAssetPack/Materials/Materials/seamless-wood-texture-free-6.mat
  artifactKey: Guid(11c6d1494b680424bb8239b01133fd2c) Importer(815301076,1909f56bfc062723c751e8b465ee728b)
Start importing Assets/BarcadeGamesAssetPack/Materials/Materials/seamless-wood-texture-free-6.mat using Guid(11c6d1494b680424bb8239b01133fd2c) Importer(815301076,1909f56bfc062723c751e8b465ee728b)  -> (artifact id: '6408f8d270fb1cec8fc3256b1c5743b8') in 0.022846 seconds 
  Import took 0.044129 seconds .

========================================================================
Received Import Request.
  Time since last request: 1.386052 seconds.
  path: Assets/BarcadeGamesAssetPack/Materials/Materials/Felt.mat
  artifactKey: Guid(07b35caf182ed2c44846aa37d1b8293b) Importer(815301076,1909f56bfc062723c751e8b465ee728b)
Start importing Assets/BarcadeGamesAssetPack/Materials/Materials/Felt.mat using Guid(07b35caf182ed2c44846aa37d1b8293b) Importer(815301076,1909f56bfc062723c751e8b465ee728b)  -> (artifact id: 'fa0f3cf7e2eda982072bac2664b08542') in 0.021663 seconds 
  Import took 0.026408 seconds .

========================================================================
Received Import Request.
  Time since last request: 0.000253 seconds.
  path: Assets/BarcadeGamesAssetPack/Materials/Felt.mat
  artifactKey: Guid(77a65a699fb6b47c1a39d2334e433ddb) Importer(815301076,1909f56bfc062723c751e8b465ee728b)
Start importing Assets/BarcadeGamesAssetPack/Materials/Felt.mat using Guid(77a65a699fb6b47c1a39d2334e433ddb) Importer(815301076,1909f56bfc062723c751e8b465ee728b)  -> (artifact id: 'a8d4724dffca3bcc66fbca2aa7829f08') in 0.022539 seconds 
  Import took 0.025916 seconds .

========================================================================
Received Import Request.
  Time since last request: 0.000395 seconds.
  path: Assets/BarcadeGamesAssetPack/Materials/Chalk.mat
  artifactKey: Guid(1a1638414648744d7a7bac01c8184b20) Importer(815301076,1909f56bfc062723c751e8b465ee728b)
Start importing Assets/BarcadeGamesAssetPack/Materials/Chalk.mat using Guid(1a1638414648744d7a7bac01c8184b20) Importer(815301076,1909f56bfc062723c751e8b465ee728b)  -> (artifact id: '3b934705aec3cbfd5f3f4137f88bc5da') in 0.024290 seconds 
  Import took 0.042784 seconds .

========================================================================
Received Import Request.
  Time since last request: 0.000408 seconds.
  path: Assets/BarcadeGamesAssetPack/Materials/Black5.mat
  artifactKey: Guid(9fda612edf05043fda18033eda808c9d) Importer(815301076,1909f56bfc062723c751e8b465ee728b)
Start importing Assets/BarcadeGamesAssetPack/Materials/Black5.mat using Guid(9fda612edf05043fda18033eda808c9d) Importer(815301076,1909f56bfc062723c751e8b465ee728b)  -> (artifact id: '0c1b1c50a1a27cfeb25dba5d7aada51a') in 0.025662 seconds 
  Import took 0.030658 seconds .

========================================================================
Received Import Request.
  Time since last request: 0.000247 seconds.
  path: Assets/BarcadeGamesAssetPack/Materials/Black3.mat
  artifactKey: Guid(9d02273cacdd845289f2021e2936f73f) Importer(815301076,1909f56bfc062723c751e8b465ee728b)
Start importing Assets/BarcadeGamesAssetPack/Materials/Black3.mat using Guid(9d02273cacdd845289f2021e2936f73f) Importer(815301076,1909f56bfc062723c751e8b465ee728b)  -> (artifact id: '6e61539d9f1700c78ef9768d55e9f55b') in 0.022790 seconds 
  Import took 0.027037 seconds .

========================================================================
Received Import Request.
  Time since last request: 0.000305 seconds.
  path: Assets/BarcadeGamesAssetPack/Materials/Black4.mat
  artifactKey: Guid(c658f6619c94b428ab05a504475d5655) Importer(815301076,1909f56bfc062723c751e8b465ee728b)
Start importing Assets/BarcadeGamesAssetPack/Materials/Black4.mat using Guid(c658f6619c94b428ab05a504475d5655) Importer(815301076,1909f56bfc062723c751e8b465ee728b)  -> (artifact id: '9a962ce0eb695ab942b218c226b5cc4e') in 0.032383 seconds 
  Import took 0.036147 seconds .

========================================================================
Received Import Request.
  Time since last request: 0.000241 seconds.
  path: Assets/BarcadeGamesAssetPack/Materials/Black6.mat
  artifactKey: Guid(977af329ad6a9468a8ccef1ac6aeefc3) Importer(815301076,1909f56bfc062723c751e8b465ee728b)
Start importing Assets/BarcadeGamesAssetPack/Materials/Black6.mat using Guid(977af329ad6a9468a8ccef1ac6aeefc3) Importer(815301076,1909f56bfc062723c751e8b465ee728b)  -> (artifact id: 'b1df063067ab9647fcfa637dab68a6ae') in 0.019378 seconds 
  Import took 0.023236 seconds .

========================================================================
Received Import Request.
  Time since last request: 0.000271 seconds.
  path: Assets/BarcadeGamesAssetPack/Materials/Black2.mat
  artifactKey: Guid(efdef81d55a5b462a820e91d4ef297e7) Importer(815301076,1909f56bfc062723c751e8b465ee728b)
Start importing Assets/BarcadeGamesAssetPack/Materials/Black2.mat using Guid(efdef81d55a5b462a820e91d4ef297e7) Importer(815301076,1909f56bfc062723c751e8b465ee728b)  -> (artifact id: '2efad0c3347628acbcfa7e77c28c83c3') in 0.028146 seconds 
  Import took 0.031439 seconds .

========================================================================
Received Import Request.
  Time since last request: 0.000254 seconds.
  path: Assets/BarcadeGamesAssetPack/Materials/PoolBallsMaps/Black.mat
  artifactKey: Guid(7998e8a1fab394d80b2e599e8f4f0309) Importer(815301076,1909f56bfc062723c751e8b465ee728b)
Start importing Assets/BarcadeGamesAssetPack/Materials/PoolBallsMaps/Black.mat using Guid(7998e8a1fab394d80b2e599e8f4f0309) Importer(815301076,1909f56bfc062723c751e8b465ee728b)  -> (artifact id: '052a652e7ec0103326e3b3d7b517d0e6') in 0.020377 seconds 
  Import took 0.036819 seconds .

========================================================================
Received Import Request.
  Time since last request: 0.000498 seconds.
  path: Assets/BarcadeGamesAssetPack/Materials/Black1.mat
  artifactKey: Guid(2965b00419eb04905ac57b44263c33f9) Importer(815301076,1909f56bfc062723c751e8b465ee728b)
Start importing Assets/BarcadeGamesAssetPack/Materials/Black1.mat using Guid(2965b00419eb04905ac57b44263c33f9) Importer(815301076,1909f56bfc062723c751e8b465ee728b)  -> (artifact id: 'd43e4b1eebd0b2044ceabcda21ac4f70') in 0.025801 seconds 
  Import took 0.029691 seconds .

========================================================================
Received Import Request.
  Time since last request: 0.233722 seconds.
  path: Assets/BarcadeGamesAssetPack/Materials/PoolBallsMaps/13ball.mat
  artifactKey: Guid(6c04a411c80d045be8b47c271780b973) Importer(815301076,1909f56bfc062723c751e8b465ee728b)
Start importing Assets/BarcadeGamesAssetPack/Materials/PoolBallsMaps/13ball.mat using Guid(6c04a411c80d045be8b47c271780b973) Importer(815301076,1909f56bfc062723c751e8b465ee728b)  -> (artifact id: '4822af7157d5c9321df629b24d6a8078') in 0.017259 seconds 
  Import took 0.020494 seconds .

========================================================================
Received Import Request.
  Time since last request: 0.000238 seconds.
  path: Assets/BarcadeGamesAssetPack/Materials/PoolBallsMaps/Materials/Ball10.mat
  artifactKey: Guid(de1dd310b318645b5817e9ea2fad0a14) Importer(815301076,1909f56bfc062723c751e8b465ee728b)
Start importing Assets/BarcadeGamesAssetPack/Materials/PoolBallsMaps/Materials/Ball10.mat using Guid(de1dd310b318645b5817e9ea2fad0a14) Importer(815301076,1909f56bfc062723c751e8b465ee728b)  -> (artifact id: '236ad76f8e293a401c74a1e59d5795da') in 0.023759 seconds 
  Import took 0.026779 seconds .

========================================================================
Received Import Request.
  Time since last request: 0.000281 seconds.
  path: Assets/BarcadeGamesAssetPack/Materials/PoolBallsMaps/Materials/Ball9.mat
  artifactKey: Guid(069f1edb1a67b4fe4bce0b3a3f41b24e) Importer(815301076,1909f56bfc062723c751e8b465ee728b)
Start importing Assets/BarcadeGamesAssetPack/Materials/PoolBallsMaps/Materials/Ball9.mat using Guid(069f1edb1a67b4fe4bce0b3a3f41b24e) Importer(815301076,1909f56bfc062723c751e8b465ee728b)  -> (artifact id: '613c2a26c67e1314b9be804699706d54') in 0.018649 seconds 
  Import took 0.022842 seconds .

========================================================================
Received Import Request.
  Time since last request: 0.000396 seconds.
  path: Assets/BarcadeGamesAssetPack/Materials/PoolBallsMaps/14ball.mat
  artifactKey: Guid(6dff1c93dc60a43e880bc3b7daadb026) Importer(815301076,1909f56bfc062723c751e8b465ee728b)
Start importing Assets/BarcadeGamesAssetPack/Materials/PoolBallsMaps/14ball.mat using Guid(6dff1c93dc60a43e880bc3b7daadb026) Importer(815301076,1909f56bfc062723c751e8b465ee728b)  -> (artifact id: 'bba6f38cde2e508451b53f6fbc3c0550') in 0.041517 seconds 
  Import took 0.056242 seconds .

========================================================================
Received Import Request.
  Time since last request: 0.000528 seconds.
  path: Assets/BarcadeGamesAssetPack/Materials/PoolBallsMaps/15ball.mat
  artifactKey: Guid(e9be95b29fe764199904eb114c6bb08e) Importer(815301076,1909f56bfc062723c751e8b465ee728b)
Start importing Assets/BarcadeGamesAssetPack/Materials/PoolBallsMaps/15ball.mat using Guid(e9be95b29fe764199904eb114c6bb08e) Importer(815301076,1909f56bfc062723c751e8b465ee728b)  -> (artifact id: '62c823ae0cdbb3b0d9984cb329035ef6') in 0.024594 seconds 
  Import took 0.028893 seconds .

========================================================================
Received Import Request.
  Time since last request: 0.000950 seconds.
  path: Assets/BarcadeGamesAssetPack/Materials/PoolBallsMaps/13ball.mat
  artifactKey: Guid(6c04a411c80d045be8b47c271780b973) Importer(815301076,1909f56bfc062723c751e8b465ee728b)
Start importing Assets/BarcadeGamesAssetPack/Materials/PoolBallsMaps/13ball.mat using Guid(6c04a411c80d045be8b47c271780b973) Importer(815301076,1909f56bfc062723c751e8b465ee728b)  -> (artifact id: '4822af7157d5c9321df629b24d6a8078') in 0.016630 seconds 
  Import took 0.020164 seconds .

========================================================================
Received Import Request.
  Time since last request: 0.000071 seconds.
  path: Assets/BarcadeGamesAssetPack/Materials/PoolBallsMaps/12ball.mat
  artifactKey: Guid(d3fcff4c86c714c278bab389e222e4ea) Importer(815301076,1909f56bfc062723c751e8b465ee728b)
Start importing Assets/BarcadeGamesAssetPack/Materials/PoolBallsMaps/12ball.mat using Guid(d3fcff4c86c714c278bab389e222e4ea) Importer(815301076,1909f56bfc062723c751e8b465ee728b)  -> (artifact id: 'befa853b3ba46e9b38fc292a3ebc29c6') in 0.023202 seconds 
  Import took 0.027403 seconds .

========================================================================
Received Import Request.
  Time since last request: 0.000265 seconds.
  path: Assets/BarcadeGamesAssetPack/Materials/PoolBallsMaps/9ball.mat
  artifactKey: Guid(b96facd632b1c486abae5c9874a789b6) Importer(815301076,1909f56bfc062723c751e8b465ee728b)
Start importing Assets/BarcadeGamesAssetPack/Materials/PoolBallsMaps/9ball.mat using Guid(b96facd632b1c486abae5c9874a789b6) Importer(815301076,1909f56bfc062723c751e8b465ee728b)  -> (artifact id: 'e03c27599985b290ba0b95ca34df8058') in 0.032724 seconds 
  Import took 0.036886 seconds .

========================================================================
Received Import Request.
  Time since last request: 0.000226 seconds.
  path: Assets/BarcadeGamesAssetPack/Materials/PoolBallsMaps/11ball.mat
  artifactKey: Guid(cfc61ccb4d2994c178951059f6139a2a) Importer(815301076,1909f56bfc062723c751e8b465ee728b)
Start importing Assets/BarcadeGamesAssetPack/Materials/PoolBallsMaps/11ball.mat using Guid(cfc61ccb4d2994c178951059f6139a2a) Importer(815301076,1909f56bfc062723c751e8b465ee728b)  -> (artifact id: 'd8503176c72fbf91244f1475bf8def0d') in 0.023443 seconds 
  Import took 0.029139 seconds .

========================================================================
Received Import Request.
  Time since last request: 0.000375 seconds.
  path: Assets/BarcadeGamesAssetPack/Materials/PoolBallsMaps/8ball.mat
  artifactKey: Guid(1f849e0de60a44211ac51cb2fac77ddf) Importer(815301076,1909f56bfc062723c751e8b465ee728b)
Start importing Assets/BarcadeGamesAssetPack/Materials/PoolBallsMaps/8ball.mat using Guid(1f849e0de60a44211ac51cb2fac77ddf) Importer(815301076,1909f56bfc062723c751e8b465ee728b)  -> (artifact id: 'b7d6bf36cbaf1b34c566ce1264674d89') in 0.026062 seconds 
  Import took 0.031675 seconds .

========================================================================
Received Import Request.
  Time since last request: 0.000391 seconds.
  path: Assets/BarcadeGamesAssetPack/Materials/PoolBallsMaps/10ball.mat
  artifactKey: Guid(75e2458185a7a45b5ad4dd4cbf2d3ed0) Importer(815301076,1909f56bfc062723c751e8b465ee728b)
Start importing Assets/BarcadeGamesAssetPack/Materials/PoolBallsMaps/10ball.mat using Guid(75e2458185a7a45b5ad4dd4cbf2d3ed0) Importer(815301076,1909f56bfc062723c751e8b465ee728b)  -> (artifact id: 'c9bd0dc109bcf2f980f210faa7ebf444') in 0.019440 seconds 
  Import took 0.026682 seconds .

========================================================================
Received Import Request.
  Time since last request: 0.006623 seconds.
  path: Assets/BarcadeGamesAssetPack/Materials/PoolBallsMaps/10ball.mat
  artifactKey: Guid(75e2458185a7a45b5ad4dd4cbf2d3ed0) Importer(815301076,1909f56bfc062723c751e8b465ee728b)
Start importing Assets/BarcadeGamesAssetPack/Materials/PoolBallsMaps/10ball.mat using Guid(75e2458185a7a45b5ad4dd4cbf2d3ed0) Importer(815301076,1909f56bfc062723c751e8b465ee728b)  -> (artifact id: 'c9bd0dc109bcf2f980f210faa7ebf444') in 0.023628 seconds 
  Import took 0.027552 seconds .

========================================================================
Received Import Request.
  Time since last request: 1.409171 seconds.
  path: Assets/BarcadeGamesAssetPack/Materials/PoolBallsMaps/5ball.mat
  artifactKey: Guid(ce34ac83d962243299d0f8ae1770f210) Importer(815301076,1909f56bfc062723c751e8b465ee728b)
Start importing Assets/BarcadeGamesAssetPack/Materials/PoolBallsMaps/5ball.mat using Guid(ce34ac83d962243299d0f8ae1770f210) Importer(815301076,1909f56bfc062723c751e8b465ee728b)  -> (artifact id: '89682f26d05312d9a746a2a44dfa5d79') in 0.016888 seconds 
  Import took 0.020295 seconds .

========================================================================
Received Import Request.
  Time since last request: 0.000247 seconds.
  path: Assets/BarcadeGamesAssetPack/Materials/PoolBallsMaps/7ball.mat
  artifactKey: Guid(e9be5d705e1994eeda23b750d05e8a08) Importer(815301076,1909f56bfc062723c751e8b465ee728b)
Start importing Assets/BarcadeGamesAssetPack/Materials/PoolBallsMaps/7ball.mat using Guid(e9be5d705e1994eeda23b750d05e8a08) Importer(815301076,1909f56bfc062723c751e8b465ee728b)  -> (artifact id: '9b51ce1f4f1b0066cb401a7fce648c6c') in 0.025294 seconds 
  Import took 0.030928 seconds .

========================================================================
Received Import Request.
  Time since last request: 0.000265 seconds.
  path: Assets/BarcadeGamesAssetPack/Materials/PoolBallsMaps/7and15.mat
  artifactKey: Guid(ae82e072d568348a494ab59a742af7f7) Importer(815301076,1909f56bfc062723c751e8b465ee728b)
Start importing Assets/BarcadeGamesAssetPack/Materials/PoolBallsMaps/7and15.mat using Guid(ae82e072d568348a494ab59a742af7f7) Importer(815301076,1909f56bfc062723c751e8b465ee728b)  -> (artifact id: 'b9dab183589abbbcf2cc6538842dfb35') in 0.038998 seconds 
  Import took 0.043180 seconds .

========================================================================
Received Import Request.
  Time since last request: 0.000226 seconds.
  path: Assets/BarcadeGamesAssetPack/Materials/PoolBallsMaps/6ball.mat
  artifactKey: Guid(704c0151cf1bd4d2db3affa08fceeed4) Importer(815301076,1909f56bfc062723c751e8b465ee728b)
Start importing Assets/BarcadeGamesAssetPack/Materials/PoolBallsMaps/6ball.mat using Guid(704c0151cf1bd4d2db3affa08fceeed4) Importer(815301076,1909f56bfc062723c751e8b465ee728b)  -> (artifact id: '9c927d0949ea8d8ba4821d9ad22f44a2') in 0.027910 seconds 
  Import took 0.031798 seconds .

========================================================================
Received Import Request.
  Time since last request: 0.000282 seconds.
  path: Assets/BarcadeGamesAssetPack/Materials/PoolBallsMaps/6and14.mat
  artifactKey: Guid(b853b9ac12602440ab4fa922109e1f4a) Importer(815301076,1909f56bfc062723c751e8b465ee728b)
Start importing Assets/BarcadeGamesAssetPack/Materials/PoolBallsMaps/6and14.mat using Guid(b853b9ac12602440ab4fa922109e1f4a) Importer(815301076,1909f56bfc062723c751e8b465ee728b)  -> (artifact id: 'dccafe6063575a2f5083faecb40920b7') in 0.022202 seconds 
  Import took 0.032312 seconds .

========================================================================
Received Import Request.
  Time since last request: 0.000323 seconds.
  path: Assets/BarcadeGamesAssetPack/Materials/PoolBallsMaps/3and11.mat
  artifactKey: Guid(180d9ebb222f546c689d7bf08e65b1d9) Importer(815301076,1909f56bfc062723c751e8b465ee728b)
Start importing Assets/BarcadeGamesAssetPack/Materials/PoolBallsMaps/3and11.mat using Guid(180d9ebb222f546c689d7bf08e65b1d9) Importer(815301076,1909f56bfc062723c751e8b465ee728b)  -> (artifact id: 'e9cd183f7b10cc56f01112ffbeff88a2') in 0.025462 seconds 
  Import took 0.029361 seconds .

========================================================================
Received Import Request.
  Time since last request: 0.000231 seconds.
  path: Assets/BarcadeGamesAssetPack/Materials/PoolBallsMaps/3ball.mat
  artifactKey: Guid(7514ae2118ccf4ff8addad368a03b6b3) Importer(815301076,1909f56bfc062723c751e8b465ee728b)
Start importing Assets/BarcadeGamesAssetPack/Materials/PoolBallsMaps/3ball.mat using Guid(7514ae2118ccf4ff8addad368a03b6b3) Importer(815301076,1909f56bfc062723c751e8b465ee728b)  -> (artifact id: '9d5b37c52ce1f923ffe9af64233620a5') in 0.020427 seconds 
  Import took 0.024365 seconds .

========================================================================
Received Import Request.
  Time since last request: 0.000504 seconds.
  path: Assets/BarcadeGamesAssetPack/Materials/PoolBallsMaps/5and13.mat
  artifactKey: Guid(a8df5d140484d45bd92b499115a8167d) Importer(815301076,1909f56bfc062723c751e8b465ee728b)
Start importing Assets/BarcadeGamesAssetPack/Materials/PoolBallsMaps/5and13.mat using Guid(a8df5d140484d45bd92b499115a8167d) Importer(815301076,1909f56bfc062723c751e8b465ee728b)  -> (artifact id: '579761cd3de8b5a77acfdc3150c0fab6') in 0.029473 seconds 
  Import took 0.051938 seconds .

========================================================================
Received Import Request.
  Time since last request: 0.001099 seconds.
  path: Assets/BarcadeGamesAssetPack/Materials/PoolBallsMaps/4and12.mat
  artifactKey: Guid(b0078784e122d434c82380c9329d0c59) Importer(815301076,1909f56bfc062723c751e8b465ee728b)
Start importing Assets/BarcadeGamesAssetPack/Materials/PoolBallsMaps/4and12.mat using Guid(b0078784e122d434c82380c9329d0c59) Importer(815301076,1909f56bfc062723c751e8b465ee728b)  -> (artifact id: '61e5ff875b4b91dc5a73f3606502a58d') in 0.023495 seconds 
  Import took 0.027323 seconds .

========================================================================
Received Import Request.
  Time since last request: 0.000249 seconds.
  path: Assets/BarcadeGamesAssetPack/Materials/PoolBallsMaps/4ball.mat
  artifactKey: Guid(010a40ebf1fe8472eb24c1c9a80b88c7) Importer(815301076,1909f56bfc062723c751e8b465ee728b)
Start importing Assets/BarcadeGamesAssetPack/Materials/PoolBallsMaps/4ball.mat using Guid(010a40ebf1fe8472eb24c1c9a80b88c7) Importer(815301076,1909f56bfc062723c751e8b465ee728b)  -> (artifact id: '43610cb1b5fcd01a47c96a40cb851feb') in 0.026548 seconds 
  Import took 0.030846 seconds .

========================================================================
Received Import Request.
  Time since last request: 0.004596 seconds.
  path: Assets/BarcadeGamesAssetPack/Materials/PoolBallsMaps/4ball.mat
  artifactKey: Guid(010a40ebf1fe8472eb24c1c9a80b88c7) Importer(815301076,1909f56bfc062723c751e8b465ee728b)
Start importing Assets/BarcadeGamesAssetPack/Materials/PoolBallsMaps/4ball.mat using Guid(010a40ebf1fe8472eb24c1c9a80b88c7) Importer(815301076,1909f56bfc062723c751e8b465ee728b)  -> (artifact id: '43610cb1b5fcd01a47c96a40cb851feb') in 0.026237 seconds 
  Import took 0.030738 seconds .

========================================================================
Received Import Request.
  Time since last request: 0.427756 seconds.
  path: Assets/BarcadeGamesAssetPack/Materials/PoolBallsMaps/1and9.mat
  artifactKey: Guid(4f7583ddc8d9943a988dc54c249dad31) Importer(815301076,1909f56bfc062723c751e8b465ee728b)
Start importing Assets/BarcadeGamesAssetPack/Materials/PoolBallsMaps/1and9.mat using Guid(4f7583ddc8d9943a988dc54c249dad31) Importer(815301076,1909f56bfc062723c751e8b465ee728b)  -> (artifact id: '5d0133c878143833c8046c80c474b8c3') in 0.016780 seconds 
  Import took 0.021671 seconds .

========================================================================
Received Import Request.
  Time since last request: 0.000269 seconds.
  path: Assets/BarcadeGamesAssetPack/Materials/PoolBallsMaps/1Ball.mat
  artifactKey: Guid(7cc4df7b042c14814acf7e96913041da) Importer(815301076,1909f56bfc062723c751e8b465ee728b)
Start importing Assets/BarcadeGamesAssetPack/Materials/PoolBallsMaps/1Ball.mat using Guid(7cc4df7b042c14814acf7e96913041da) Importer(815301076,1909f56bfc062723c751e8b465ee728b)  -> (artifact id: 'bfa9233753b3abb228ac88223493bef8') in 0.023832 seconds 
  Import took 0.027540 seconds .

========================================================================
Received Import Request.
  Time since last request: 0.000253 seconds.
  path: Assets/BarcadeGamesAssetPack/Materials/PoolBallsMaps/1and9.mat
  artifactKey: Guid(4f7583ddc8d9943a988dc54c249dad31) Importer(815301076,1909f56bfc062723c751e8b465ee728b)
Start importing Assets/BarcadeGamesAssetPack/Materials/PoolBallsMaps/1and9.mat using Guid(4f7583ddc8d9943a988dc54c249dad31) Importer(815301076,1909f56bfc062723c751e8b465ee728b)  -> (artifact id: '5d0133c878143833c8046c80c474b8c3') in 0.017116 seconds 
  Import took 0.020898 seconds .

========================================================================
Received Import Request.
  Time since last request: 0.000288 seconds.
  path: Assets/BarcadeGamesAssetPack/Materials/PoolBallsMaps/2Ball.mat
  artifactKey: Guid(c2b3f126069ea4aa5a797bc67012b45f) Importer(815301076,1909f56bfc062723c751e8b465ee728b)
Start importing Assets/BarcadeGamesAssetPack/Materials/PoolBallsMaps/2Ball.mat using Guid(c2b3f126069ea4aa5a797bc67012b45f) Importer(815301076,1909f56bfc062723c751e8b465ee728b)  -> (artifact id: '12a6ffdcadff76e6cf1b3215b02f525f') in 0.042984 seconds 
  Import took 0.049104 seconds .

========================================================================
Received Import Request.
  Time since last request: 0.000251 seconds.
  path: Assets/BarcadeGamesAssetPack/Materials/PoolBallsMaps/1Ball.mat
  artifactKey: Guid(7cc4df7b042c14814acf7e96913041da) Importer(815301076,1909f56bfc062723c751e8b465ee728b)
Start importing Assets/BarcadeGamesAssetPack/Materials/PoolBallsMaps/1Ball.mat using Guid(7cc4df7b042c14814acf7e96913041da) Importer(815301076,1909f56bfc062723c751e8b465ee728b)  -> (artifact id: 'bfa9233753b3abb228ac88223493bef8') in 0.020697 seconds 
  Import took 0.024466 seconds .

========================================================================
Received Import Request.
  Time since last request: 0.000233 seconds.
  path: Assets/BarcadeGamesAssetPack/Materials/PoolBallsMaps/2and10.mat
  artifactKey: Guid(f914b3e22a63b40e6904f11f67ad68f3) Importer(815301076,1909f56bfc062723c751e8b465ee728b)
Start importing Assets/BarcadeGamesAssetPack/Materials/PoolBallsMaps/2and10.mat using Guid(f914b3e22a63b40e6904f11f67ad68f3) Importer(815301076,1909f56bfc062723c751e8b465ee728b)  -> (artifact id: '2628eac0317ea29d77704baedd874360') in 0.029164 seconds 
  Import took 0.033440 seconds .

========================================================================
Received Import Request.
  Time since last request: 771.004942 seconds.
  path: Assets/BarcadeGamesAssetPack/Materials
  artifactKey: Guid(32a5ae35852b64864aba9d5745f6774e) Importer(815301076,1909f56bfc062723c751e8b465ee728b)
Start importing Assets/BarcadeGamesAssetPack/Materials using Guid(32a5ae35852b64864aba9d5745f6774e) Importer(815301076,1909f56bfc062723c751e8b465ee728b)  -> (artifact id: '9a036e446826b511fda4687ada2e0439') in 0.009951 seconds 
  Import took 0.015817 seconds .

========================================================================
Received Import Request.
  Time since last request: 0.006337 seconds.
  path: Assets/BarcadeGamesAssetPack/Materials
  artifactKey: Guid(32a5ae35852b64864aba9d5745f6774e) Importer(815301076,1909f56bfc062723c751e8b465ee728b)
Start importing Assets/BarcadeGamesAssetPack/Materials using Guid(32a5ae35852b64864aba9d5745f6774e) Importer(815301076,1909f56bfc062723c751e8b465ee728b)  -> (artifact id: '9a036e446826b511fda4687ada2e0439') in 0.004805 seconds 
  Import took 0.009231 seconds .

========================================================================
Received Import Request.
  Time since last request: 20.619357 seconds.
  path: Assets/Prefabs/White.prefab
  artifactKey: Guid(ce3a75b4614cf3344b63df4148f65660) Importer(815301076,1909f56bfc062723c751e8b465ee728b)
Start importing Assets/Prefabs/White.prefab using Guid(ce3a75b4614cf3344b63df4148f65660) Importer(815301076,1909f56bfc062723c751e8b465ee728b)  -> (artifact id: '6a91d1653c21203256849c1bc251de4b') in 0.021386 seconds 
  Import took 0.040396 seconds .

========================================================================
Received Import Request.
  Time since last request: 0.013514 seconds.
  path: Assets/Prefabs/White.prefab
  artifactKey: Guid(ce3a75b4614cf3344b63df4148f65660) Importer(815301076,1909f56bfc062723c751e8b465ee728b)
Start importing Assets/Prefabs/White.prefab using Guid(ce3a75b4614cf3344b63df4148f65660) Importer(815301076,1909f56bfc062723c751e8b465ee728b)  -> (artifact id: '6a91d1653c21203256849c1bc251de4b') in 0.019757 seconds 
  Import took 0.023353 seconds .

========================================================================
Received Import Request.
  Time since last request: 407.661296 seconds.
  path: Assets/Prefabs/Ball.prefab
  artifactKey: Guid(ce3a75b4614cf3344b63df4148f65660) Importer(815301076,1909f56bfc062723c751e8b465ee728b)
Start importing Assets/Prefabs/Ball.prefab using Guid(ce3a75b4614cf3344b63df4148f65660) Importer(815301076,1909f56bfc062723c751e8b465ee728b)  -> (artifact id: '356eb68f60087cfcca822a7c4d8a29c0') in 0.019810 seconds 
  Import took 0.024294 seconds .

========================================================================
Received Import Request.
  Time since last request: 13.741324 seconds.
  path: Assets/Scripts
  artifactKey: Guid(fb65b005692bc0943836a28d768c23d5) Importer(815301076,1909f56bfc062723c751e8b465ee728b)
Start importing Assets/Scripts using Guid(fb65b005692bc0943836a28d768c23d5) Importer(815301076,1909f56bfc062723c751e8b465ee728b)  -> (artifact id: '7bc674cacc347767eb1d0ea97d076138') in 0.010424 seconds 
  Import took 0.016066 seconds .

========================================================================
Received Import Request.
  Time since last request: 0.001162 seconds.
  path: Assets/Scripts
  artifactKey: Guid(fb65b005692bc0943836a28d768c23d5) Importer(815301076,1909f56bfc062723c751e8b465ee728b)
Start importing Assets/Scripts using Guid(fb65b005692bc0943836a28d768c23d5) Importer(815301076,1909f56bfc062723c751e8b465ee728b)  -> (artifact id: '7bc674cacc347767eb1d0ea97d076138') in 0.003503 seconds 
  Import took 0.008400 seconds .

========================================================================
Received Import Request.
  Time since last request: 15.748259 seconds.
  path: Assets/Scripts/Script.cs
  artifactKey: Guid(ecc1b17f864968442811e83e1a7fd285) Importer(815301076,1909f56bfc062723c751e8b465ee728b)
Start importing Assets/Scripts/Script.cs using Guid(ecc1b17f864968442811e83e1a7fd285) Importer(815301076,1909f56bfc062723c751e8b465ee728b)  -> (artifact id: '985939b0bde79eff15f2b2735623e0a2') in 0.088931 seconds 
  Import took 0.092271 seconds .

========================================================================
Received Prepare
Registering precompiled user dll's ...
Registered in 0.002741 seconds.
Begin MonoManager ReloadAssembly
Native extension for WindowsStandalone target not found
Native extension for WebGL target not found
Refreshing native plugins compatible for Editor in 0.38 ms, found 2 plugins.
Preloading 0 native plugins for Editor in 0.00 ms.
Mono: successfully reloaded assembly
- Completed reload, in  2.043 seconds
Domain Reload Profiling:
	ReloadAssembly (2047ms)
		BeginReloadAssembly (331ms)
			ExecutionOrderSort (0ms)
			DisableScriptedObjects (19ms)
			BackupInstance (0ms)
			ReleaseScriptingObjects (0ms)
			CreateAndSetChildDomain (185ms)
		EndReloadAssembly (1616ms)
			LoadAssemblies (137ms)
			RebuildTransferFunctionScriptingTraits (0ms)
			SetupTypeCache (538ms)
			ReleaseScriptCaches (1ms)
			RebuildScriptCaches (147ms)
			SetupLoadedEditorAssemblies (514ms)
				LogAssemblyErrors (0ms)
				InitializePlatformSupportModulesInManaged (10ms)
				SetLoadedEditorAssemblies (1ms)
				RefreshPlugins (0ms)
				BeforeProcessingInitializeOnLoad (98ms)
				ProcessInitializeOnLoadAttributes (388ms)
				ProcessInitializeOnLoadMethodAttributes (12ms)
				AfterProcessingInitializeOnLoad (4ms)
				EditorAssembliesLoaded (1ms)
			ExecutionOrderSort2 (0ms)
			AwakeInstancesAfterBackupRestoration (14ms)
Platform modules already initialized, skipping
Refreshing native plugins compatible for Editor in 0.33 ms, found 2 plugins.
Preloading 0 native plugins for Editor in 0.00 ms.
Unloading 1391 Unused Serialized files (Serialized files now loaded: 0)
System memory in use before: 68.3 MB.
System memory in use after: 68.4 MB.

Unloading 11 unused Assets to reduce memory usage. Loaded Objects now: 1878.
Total: 3.507800 ms (FindLiveObjects: 0.182300 ms CreateObjectMapping: 0.056900 ms MarkObjects: 3.235100 ms  DeleteObjects: 0.031800 ms)

AssetImportParameters requested are different than current active one (requested -> active):
  custom:framework-win-MediaFoundation: 216162199b28c13a410421893ffa2e32 -> 
  custom:video-decoder-ogg-theora: a1e56fd34408186e4bbccfd4996cb3dc -> 
  custom:container-muxer-webm: aa71ff27fc2769a1b78a27578f13a17b -> 
  custom:container-demuxer-webm: 4f35f7cbe854078d1ac9338744f61a02 -> 
  custom:container-demuxer-ogg: 62fdf1f143b41e24485cea50d1cbac27 -> 
  custom:video-encoder-webm-vp8: eb34c28f22e8b96e1ab97ce403110664 -> 
  custom:video-codec-MediaFoundation-h265: 746d11721c4dcdbdad8f713fa42b33f4 -> 
  custom:video-decoder-webm-vp8: 9c59270c3fd7afecdb556c50c9e8de78 -> 
  custom:audio-decoder-ogg-vorbis: bf7c407c2cedff20999df2af8eb42d56 -> 
  custom:audio-encoder-webm-vorbis: bf7c407c2cedff20999df2af8eb42d56 -> 
========================================================================
Received Prepare
Registering precompiled user dll's ...
Registered in 0.003064 seconds.
Begin MonoManager ReloadAssembly
Native extension for WindowsStandalone target not found
Native extension for WebGL target not found
Refreshing native plugins compatible for Editor in 0.37 ms, found 2 plugins.
Preloading 0 native plugins for Editor in 0.00 ms.
Mono: successfully reloaded assembly
- Completed reload, in  1.402 seconds
Domain Reload Profiling:
	ReloadAssembly (1403ms)
		BeginReloadAssembly (158ms)
			ExecutionOrderSort (0ms)
			DisableScriptedObjects (10ms)
			BackupInstance (0ms)
			ReleaseScriptingObjects (0ms)
			CreateAndSetChildDomain (61ms)
		EndReloadAssembly (1160ms)
			LoadAssemblies (113ms)
			RebuildTransferFunctionScriptingTraits (0ms)
			SetupTypeCache (473ms)
			ReleaseScriptCaches (1ms)
			RebuildScriptCaches (65ms)
			SetupLoadedEditorAssemblies (324ms)
				LogAssemblyErrors (0ms)
				InitializePlatformSupportModulesInManaged (8ms)
				SetLoadedEditorAssemblies (1ms)
				RefreshPlugins (0ms)
				BeforeProcessingInitializeOnLoad (79ms)
				ProcessInitializeOnLoadAttributes (229ms)
				ProcessInitializeOnLoadMethodAttributes (4ms)
				AfterProcessingInitializeOnLoad (3ms)
				EditorAssembliesLoaded (0ms)
			ExecutionOrderSort2 (0ms)
			AwakeInstancesAfterBackupRestoration (8ms)
Platform modules already initialized, skipping
Refreshing native plugins compatible for Editor in 0.65 ms, found 2 plugins.
Preloading 0 native plugins for Editor in 0.00 ms.
Unloading 1391 Unused Serialized files (Serialized files now loaded: 0)
System memory in use before: 68.3 MB.
System memory in use after: 68.4 MB.

Unloading 11 unused Assets to reduce memory usage. Loaded Objects now: 1880.
Total: 4.360900 ms (FindLiveObjects: 0.180500 ms CreateObjectMapping: 0.066200 ms MarkObjects: 4.080900 ms  DeleteObjects: 0.031600 ms)

AssetImportParameters requested are different than current active one (requested -> active):
  custom:framework-win-MediaFoundation: 216162199b28c13a410421893ffa2e32 -> 
  custom:video-decoder-ogg-theora: a1e56fd34408186e4bbccfd4996cb3dc -> 
  custom:container-muxer-webm: aa71ff27fc2769a1b78a27578f13a17b -> 
  custom:container-demuxer-webm: 4f35f7cbe854078d1ac9338744f61a02 -> 
  custom:container-demuxer-ogg: 62fdf1f143b41e24485cea50d1cbac27 -> 
  custom:video-encoder-webm-vp8: eb34c28f22e8b96e1ab97ce403110664 -> 
  custom:video-codec-MediaFoundation-h265: 746d11721c4dcdbdad8f713fa42b33f4 -> 
  custom:video-decoder-webm-vp8: 9c59270c3fd7afecdb556c50c9e8de78 -> 
  custom:audio-decoder-ogg-vorbis: bf7c407c2cedff20999df2af8eb42d56 -> 
  custom:audio-encoder-webm-vorbis: bf7c407c2cedff20999df2af8eb42d56 -> 
========================================================================
Received Prepare
Registering precompiled user dll's ...
Registered in 0.003462 seconds.
Begin MonoManager ReloadAssembly
Native extension for WindowsStandalone target not found
Native extension for WebGL target not found
Refreshing native plugins compatible for Editor in 0.33 ms, found 2 plugins.
Preloading 0 native plugins for Editor in 0.00 ms.
Mono: successfully reloaded assembly
- Completed reload, in  1.606 seconds
Domain Reload Profiling:
	ReloadAssembly (1607ms)
		BeginReloadAssembly (226ms)
			ExecutionOrderSort (0ms)
			DisableScriptedObjects (5ms)
			BackupInstance (0ms)
			ReleaseScriptingObjects (0ms)
			CreateAndSetChildDomain (58ms)
		EndReloadAssembly (1264ms)
			LoadAssemblies (180ms)
			RebuildTransferFunctionScriptingTraits (0ms)
			SetupTypeCache (621ms)
			ReleaseScriptCaches (1ms)
			RebuildScriptCaches (49ms)
			SetupLoadedEditorAssemblies (366ms)
				LogAssemblyErrors (0ms)
				InitializePlatformSupportModulesInManaged (7ms)
				SetLoadedEditorAssemblies (1ms)
				RefreshPlugins (0ms)
				BeforeProcessingInitializeOnLoad (77ms)
				ProcessInitializeOnLoadAttributes (275ms)
				ProcessInitializeOnLoadMethodAttributes (4ms)
				AfterProcessingInitializeOnLoad (3ms)
				EditorAssembliesLoaded (0ms)
			ExecutionOrderSort2 (0ms)
			AwakeInstancesAfterBackupRestoration (8ms)
Platform modules already initialized, skipping
Refreshing native plugins compatible for Editor in 0.57 ms, found 2 plugins.
Preloading 0 native plugins for Editor in 0.00 ms.
Unloading 1391 Unused Serialized files (Serialized files now loaded: 0)
System memory in use before: 68.4 MB.
System memory in use after: 68.5 MB.

Unloading 11 unused Assets to reduce memory usage. Loaded Objects now: 1882.
Total: 3.746900 ms (FindLiveObjects: 0.169400 ms CreateObjectMapping: 0.047800 ms MarkObjects: 3.507100 ms  DeleteObjects: 0.021500 ms)

AssetImportParameters requested are different than current active one (requested -> active):
  custom:framework-win-MediaFoundation: 216162199b28c13a410421893ffa2e32 -> 
  custom:video-decoder-ogg-theora: a1e56fd34408186e4bbccfd4996cb3dc -> 
  custom:container-muxer-webm: aa71ff27fc2769a1b78a27578f13a17b -> 
  custom:container-demuxer-webm: 4f35f7cbe854078d1ac9338744f61a02 -> 
  custom:container-demuxer-ogg: 62fdf1f143b41e24485cea50d1cbac27 -> 
  custom:video-encoder-webm-vp8: eb34c28f22e8b96e1ab97ce403110664 -> 
  custom:video-codec-MediaFoundation-h265: 746d11721c4dcdbdad8f713fa42b33f4 -> 
  custom:video-decoder-webm-vp8: 9c59270c3fd7afecdb556c50c9e8de78 -> 
  custom:audio-decoder-ogg-vorbis: bf7c407c2cedff20999df2af8eb42d56 -> 
  custom:audio-encoder-webm-vorbis: bf7c407c2cedff20999df2af8eb42d56 -> 
========================================================================
Received Prepare
Registering precompiled user dll's ...
Registered in 0.002525 seconds.
Begin MonoManager ReloadAssembly
Native extension for WindowsStandalone target not found
Native extension for WebGL target not found
Refreshing native plugins compatible for Editor in 0.39 ms, found 2 plugins.
Preloading 0 native plugins for Editor in 0.00 ms.
Mono: successfully reloaded assembly
- Completed reload, in  1.628 seconds
Domain Reload Profiling:
	ReloadAssembly (1629ms)
		BeginReloadAssembly (179ms)
			ExecutionOrderSort (0ms)
			DisableScriptedObjects (5ms)
			BackupInstance (0ms)
			ReleaseScriptingObjects (0ms)
			CreateAndSetChildDomain (48ms)
		EndReloadAssembly (1331ms)
			LoadAssemblies (177ms)
			RebuildTransferFunctionScriptingTraits (0ms)
			SetupTypeCache (573ms)
			ReleaseScriptCaches (1ms)
			RebuildScriptCaches (42ms)
			SetupLoadedEditorAssemblies (393ms)
				LogAssemblyErrors (0ms)
				InitializePlatformSupportModulesInManaged (7ms)
				SetLoadedEditorAssemblies (1ms)
				RefreshPlugins (0ms)
				BeforeProcessingInitializeOnLoad (80ms)
				ProcessInitializeOnLoadAttributes (297ms)
				ProcessInitializeOnLoadMethodAttributes (4ms)
				AfterProcessingInitializeOnLoad (4ms)
				EditorAssembliesLoaded (0ms)
			ExecutionOrderSort2 (0ms)
			AwakeInstancesAfterBackupRestoration (8ms)
Platform modules already initialized, skipping
Refreshing native plugins compatible for Editor in 0.33 ms, found 2 plugins.
Preloading 0 native plugins for Editor in 0.00 ms.
Unloading 1391 Unused Serialized files (Serialized files now loaded: 0)
System memory in use before: 68.4 MB.
System memory in use after: 68.5 MB.

Unloading 11 unused Assets to reduce memory usage. Loaded Objects now: 1884.
Total: 3.595400 ms (FindLiveObjects: 0.198600 ms CreateObjectMapping: 0.050100 ms MarkObjects: 3.324700 ms  DeleteObjects: 0.020800 ms)

AssetImportParameters requested are different than current active one (requested -> active):
  custom:framework-win-MediaFoundation: 216162199b28c13a410421893ffa2e32 -> 
  custom:video-decoder-ogg-theora: a1e56fd34408186e4bbccfd4996cb3dc -> 
  custom:container-muxer-webm: aa71ff27fc2769a1b78a27578f13a17b -> 
  custom:container-demuxer-webm: 4f35f7cbe854078d1ac9338744f61a02 -> 
  custom:container-demuxer-ogg: 62fdf1f143b41e24485cea50d1cbac27 -> 
  custom:video-encoder-webm-vp8: eb34c28f22e8b96e1ab97ce403110664 -> 
  custom:video-codec-MediaFoundation-h265: 746d11721c4dcdbdad8f713fa42b33f4 -> 
  custom:video-decoder-webm-vp8: 9c59270c3fd7afecdb556c50c9e8de78 -> 
  custom:audio-decoder-ogg-vorbis: bf7c407c2cedff20999df2af8eb42d56 -> 
  custom:audio-encoder-webm-vorbis: bf7c407c2cedff20999df2af8eb42d56 -> 
========================================================================
Received Prepare
Registering precompiled user dll's ...
Registered in 0.003238 seconds.
Begin MonoManager ReloadAssembly
Native extension for WindowsStandalone target not found
Native extension for WebGL target not found
Refreshing native plugins compatible for Editor in 0.36 ms, found 2 plugins.
Preloading 0 native plugins for Editor in 0.00 ms.
Mono: successfully reloaded assembly
- Completed reload, in  1.337 seconds
Domain Reload Profiling:
	ReloadAssembly (1338ms)
		BeginReloadAssembly (212ms)
			ExecutionOrderSort (0ms)
			DisableScriptedObjects (6ms)
			BackupInstance (0ms)
			ReleaseScriptingObjects (0ms)
			CreateAndSetChildDomain (74ms)
		EndReloadAssembly (1056ms)
			LoadAssemblies (127ms)
			RebuildTransferFunctionScriptingTraits (0ms)
			SetupTypeCache (317ms)
			ReleaseScriptCaches (1ms)
			RebuildScriptCaches (55ms)
			SetupLoadedEditorAssemblies (420ms)
				LogAssemblyErrors (0ms)
				InitializePlatformSupportModulesInManaged (10ms)
				SetLoadedEditorAssemblies (1ms)
				RefreshPlugins (0ms)
				BeforeProcessingInitializeOnLoad (93ms)
				ProcessInitializeOnLoadAttributes (308ms)
				ProcessInitializeOnLoadMethodAttributes (4ms)
				AfterProcessingInitializeOnLoad (3ms)
				EditorAssembliesLoaded (0ms)
			ExecutionOrderSort2 (0ms)
			AwakeInstancesAfterBackupRestoration (8ms)
Platform modules already initialized, skipping
Refreshing native plugins compatible for Editor in 0.34 ms, found 2 plugins.
Preloading 0 native plugins for Editor in 0.00 ms.
Unloading 1391 Unused Serialized files (Serialized files now loaded: 0)
System memory in use before: 68.4 MB.
System memory in use after: 68.5 MB.

Unloading 11 unused Assets to reduce memory usage. Loaded Objects now: 1886.
Total: 3.595300 ms (FindLiveObjects: 0.167200 ms CreateObjectMapping: 0.045900 ms MarkObjects: 3.360200 ms  DeleteObjects: 0.021000 ms)

AssetImportParameters requested are different than current active one (requested -> active):
  custom:framework-win-MediaFoundation: 216162199b28c13a410421893ffa2e32 -> 
  custom:video-decoder-ogg-theora: a1e56fd34408186e4bbccfd4996cb3dc -> 
  custom:container-muxer-webm: aa71ff27fc2769a1b78a27578f13a17b -> 
  custom:container-demuxer-webm: 4f35f7cbe854078d1ac9338744f61a02 -> 
  custom:container-demuxer-ogg: 62fdf1f143b41e24485cea50d1cbac27 -> 
  custom:video-encoder-webm-vp8: eb34c28f22e8b96e1ab97ce403110664 -> 
  custom:video-codec-MediaFoundation-h265: 746d11721c4dcdbdad8f713fa42b33f4 -> 
  custom:video-decoder-webm-vp8: 9c59270c3fd7afecdb556c50c9e8de78 -> 
  custom:audio-decoder-ogg-vorbis: bf7c407c2cedff20999df2af8eb42d56 -> 
  custom:audio-encoder-webm-vorbis: bf7c407c2cedff20999df2af8eb42d56 -> 
========================================================================
Received Prepare
Registering precompiled user dll's ...
Registered in 0.004184 seconds.
Begin MonoManager ReloadAssembly
Native extension for WindowsStandalone target not found
Native extension for WebGL target not found
Refreshing native plugins compatible for Editor in 0.38 ms, found 2 plugins.
Preloading 0 native plugins for Editor in 0.00 ms.
Mono: successfully reloaded assembly
- Completed reload, in  1.748 seconds
Domain Reload Profiling:
	ReloadAssembly (1749ms)
		BeginReloadAssembly (214ms)
			ExecutionOrderSort (0ms)
			DisableScriptedObjects (9ms)
			BackupInstance (0ms)
			ReleaseScriptingObjects (0ms)
			CreateAndSetChildDomain (62ms)
		EndReloadAssembly (1450ms)
			LoadAssemblies (174ms)
			RebuildTransferFunctionScriptingTraits (0ms)
			SetupTypeCache (537ms)
			ReleaseScriptCaches (1ms)
			RebuildScriptCaches (54ms)
			SetupLoadedEditorAssemblies (535ms)
				LogAssemblyErrors (0ms)
				InitializePlatformSupportModulesInManaged (15ms)
				SetLoadedEditorAssemblies (1ms)
				RefreshPlugins (0ms)
				BeforeProcessingInitializeOnLoad (148ms)
				ProcessInitializeOnLoadAttributes (358ms)
				ProcessInitializeOnLoadMethodAttributes (8ms)
				AfterProcessingInitializeOnLoad (5ms)
				EditorAssembliesLoaded (0ms)
			ExecutionOrderSort2 (0ms)
			AwakeInstancesAfterBackupRestoration (18ms)
Platform modules already initialized, skipping
Refreshing native plugins compatible for Editor in 0.34 ms, found 2 plugins.
Preloading 0 native plugins for Editor in 0.00 ms.
Unloading 1391 Unused Serialized files (Serialized files now loaded: 0)
System memory in use before: 68.4 MB.
System memory in use after: 68.5 MB.

Unloading 11 unused Assets to reduce memory usage. Loaded Objects now: 1888.
Total: 3.216600 ms (FindLiveObjects: 0.153500 ms CreateObjectMapping: 0.047500 ms MarkObjects: 2.961000 ms  DeleteObjects: 0.053300 ms)

AssetImportParameters requested are different than current active one (requested -> active):
  custom:framework-win-MediaFoundation: 216162199b28c13a410421893ffa2e32 -> 
  custom:video-decoder-ogg-theora: a1e56fd34408186e4bbccfd4996cb3dc -> 
  custom:container-muxer-webm: aa71ff27fc2769a1b78a27578f13a17b -> 
  custom:container-demuxer-webm: 4f35f7cbe854078d1ac9338744f61a02 -> 
  custom:container-demuxer-ogg: 62fdf1f143b41e24485cea50d1cbac27 -> 
  custom:video-encoder-webm-vp8: eb34c28f22e8b96e1ab97ce403110664 -> 
  custom:video-codec-MediaFoundation-h265: 746d11721c4dcdbdad8f713fa42b33f4 -> 
  custom:video-decoder-webm-vp8: 9c59270c3fd7afecdb556c50c9e8de78 -> 
  custom:audio-decoder-ogg-vorbis: bf7c407c2cedff20999df2af8eb42d56 -> 
  custom:audio-encoder-webm-vorbis: bf7c407c2cedff20999df2af8eb42d56 -> 
========================================================================
Received Prepare
Registering precompiled user dll's ...
Registered in 0.003726 seconds.
Begin MonoManager ReloadAssembly
Native extension for WindowsStandalone target not found
Native extension for WebGL target not found
Refreshing native plugins compatible for Editor in 0.33 ms, found 2 plugins.
Preloading 0 native plugins for Editor in 0.00 ms.
Mono: successfully reloaded assembly
- Completed reload, in  1.302 seconds
Domain Reload Profiling:
	ReloadAssembly (1302ms)
		BeginReloadAssembly (145ms)
			ExecutionOrderSort (0ms)
			DisableScriptedObjects (6ms)
			BackupInstance (0ms)
			ReleaseScriptingObjects (0ms)
			CreateAndSetChildDomain (44ms)
		EndReloadAssembly (1092ms)
			LoadAssemblies (113ms)
			RebuildTransferFunctionScriptingTraits (0ms)
			SetupTypeCache (461ms)
			ReleaseScriptCaches (1ms)
			RebuildScriptCaches (45ms)
			SetupLoadedEditorAssemblies (379ms)
				LogAssemblyErrors (0ms)
				InitializePlatformSupportModulesInManaged (6ms)
				SetLoadedEditorAssemblies (1ms)
				RefreshPlugins (0ms)
				BeforeProcessingInitializeOnLoad (78ms)
				ProcessInitializeOnLoadAttributes (287ms)
				ProcessInitializeOnLoadMethodAttributes (4ms)
				AfterProcessingInitializeOnLoad (3ms)
				EditorAssembliesLoaded (0ms)
			ExecutionOrderSort2 (0ms)
			AwakeInstancesAfterBackupRestoration (8ms)
Platform modules already initialized, skipping
Refreshing native plugins compatible for Editor in 0.32 ms, found 2 plugins.
Preloading 0 native plugins for Editor in 0.00 ms.
Unloading 1391 Unused Serialized files (Serialized files now loaded: 0)
System memory in use before: 68.4 MB.
System memory in use after: 68.5 MB.

Unloading 11 unused Assets to reduce memory usage. Loaded Objects now: 1890.
Total: 3.202000 ms (FindLiveObjects: 0.176000 ms CreateObjectMapping: 0.048000 ms MarkObjects: 2.957800 ms  DeleteObjects: 0.018600 ms)

AssetImportParameters requested are different than current active one (requested -> active):
  custom:framework-win-MediaFoundation: 216162199b28c13a410421893ffa2e32 -> 
  custom:video-decoder-ogg-theora: a1e56fd34408186e4bbccfd4996cb3dc -> 
  custom:container-muxer-webm: aa71ff27fc2769a1b78a27578f13a17b -> 
  custom:container-demuxer-webm: 4f35f7cbe854078d1ac9338744f61a02 -> 
  custom:container-demuxer-ogg: 62fdf1f143b41e24485cea50d1cbac27 -> 
  custom:video-encoder-webm-vp8: eb34c28f22e8b96e1ab97ce403110664 -> 
  custom:video-codec-MediaFoundation-h265: 746d11721c4dcdbdad8f713fa42b33f4 -> 
  custom:video-decoder-webm-vp8: 9c59270c3fd7afecdb556c50c9e8de78 -> 
  custom:audio-decoder-ogg-vorbis: bf7c407c2cedff20999df2af8eb42d56 -> 
  custom:audio-encoder-webm-vorbis: bf7c407c2cedff20999df2af8eb42d56 -> 
========================================================================
Received Prepare
Registering precompiled user dll's ...
Registered in 0.002539 seconds.
Begin MonoManager ReloadAssembly
Native extension for WindowsStandalone target not found
Native extension for WebGL target not found
Refreshing native plugins compatible for Editor in 0.36 ms, found 2 plugins.
Preloading 0 native plugins for Editor in 0.00 ms.
Mono: successfully reloaded assembly
- Completed reload, in  1.276 seconds
Domain Reload Profiling:
	ReloadAssembly (1276ms)
		BeginReloadAssembly (113ms)
			ExecutionOrderSort (0ms)
			DisableScriptedObjects (5ms)
			BackupInstance (0ms)
			ReleaseScriptingObjects (0ms)
			CreateAndSetChildDomain (33ms)
		EndReloadAssembly (1098ms)
			LoadAssemblies (92ms)
			RebuildTransferFunctionScriptingTraits (0ms)
			SetupTypeCache (306ms)
			ReleaseScriptCaches (1ms)
			RebuildScriptCaches (55ms)
			SetupLoadedEditorAssemblies (477ms)
				LogAssemblyErrors (0ms)
				InitializePlatformSupportModulesInManaged (6ms)
				SetLoadedEditorAssemblies (1ms)
				RefreshPlugins (0ms)
				BeforeProcessingInitializeOnLoad (130ms)
				ProcessInitializeOnLoadAttributes (331ms)
				ProcessInitializeOnLoadMethodAttributes (4ms)
				AfterProcessingInitializeOnLoad (3ms)
				EditorAssembliesLoaded (1ms)
			ExecutionOrderSort2 (0ms)
			AwakeInstancesAfterBackupRestoration (10ms)
Platform modules already initialized, skipping
Refreshing native plugins compatible for Editor in 0.40 ms, found 2 plugins.
Preloading 0 native plugins for Editor in 0.00 ms.
Unloading 1391 Unused Serialized files (Serialized files now loaded: 0)
System memory in use before: 68.4 MB.
System memory in use after: 68.5 MB.

Unloading 11 unused Assets to reduce memory usage. Loaded Objects now: 1892.
Total: 4.285300 ms (FindLiveObjects: 0.200600 ms CreateObjectMapping: 0.064400 ms MarkObjects: 3.990900 ms  DeleteObjects: 0.027600 ms)

AssetImportParameters requested are different than current active one (requested -> active):
  custom:framework-win-MediaFoundation: 216162199b28c13a410421893ffa2e32 -> 
  custom:video-decoder-ogg-theora: a1e56fd34408186e4bbccfd4996cb3dc -> 
  custom:container-muxer-webm: aa71ff27fc2769a1b78a27578f13a17b -> 
  custom:container-demuxer-webm: 4f35f7cbe854078d1ac9338744f61a02 -> 
  custom:container-demuxer-ogg: 62fdf1f143b41e24485cea50d1cbac27 -> 
  custom:video-encoder-webm-vp8: eb34c28f22e8b96e1ab97ce403110664 -> 
  custom:video-codec-MediaFoundation-h265: 746d11721c4dcdbdad8f713fa42b33f4 -> 
  custom:video-decoder-webm-vp8: 9c59270c3fd7afecdb556c50c9e8de78 -> 
  custom:audio-decoder-ogg-vorbis: bf7c407c2cedff20999df2af8eb42d56 -> 
  custom:audio-encoder-webm-vorbis: bf7c407c2cedff20999df2af8eb42d56 -> 
========================================================================
Received Prepare
Registering precompiled user dll's ...
Registered in 0.002552 seconds.
Begin MonoManager ReloadAssembly
Native extension for WindowsStandalone target not found
Native extension for WebGL target not found
Refreshing native plugins compatible for Editor in 0.37 ms, found 2 plugins.
Preloading 0 native plugins for Editor in 0.00 ms.
Mono: successfully reloaded assembly
- Completed reload, in  1.764 seconds
Domain Reload Profiling:
	ReloadAssembly (1764ms)
		BeginReloadAssembly (183ms)
			ExecutionOrderSort (0ms)
			DisableScriptedObjects (5ms)
			BackupInstance (0ms)
			ReleaseScriptingObjects (0ms)
			CreateAndSetChildDomain (60ms)
		EndReloadAssembly (1477ms)
			LoadAssemblies (147ms)
			RebuildTransferFunctionScriptingTraits (0ms)
			SetupTypeCache (629ms)
			ReleaseScriptCaches (1ms)
			RebuildScriptCaches (73ms)
			SetupLoadedEditorAssemblies (486ms)
				LogAssemblyErrors (0ms)
				InitializePlatformSupportModulesInManaged (8ms)
				SetLoadedEditorAssemblies (1ms)
				RefreshPlugins (0ms)
				BeforeProcessingInitializeOnLoad (99ms)
				ProcessInitializeOnLoadAttributes (363ms)
				ProcessInitializeOnLoadMethodAttributes (9ms)
				AfterProcessingInitializeOnLoad (5ms)
				EditorAssembliesLoaded (0ms)
			ExecutionOrderSort2 (0ms)
			AwakeInstancesAfterBackupRestoration (11ms)
Platform modules already initialized, skipping
Refreshing native plugins compatible for Editor in 0.42 ms, found 2 plugins.
Preloading 0 native plugins for Editor in 0.00 ms.
Unloading 1391 Unused Serialized files (Serialized files now loaded: 0)
System memory in use before: 68.4 MB.
System memory in use after: 68.5 MB.

Unloading 11 unused Assets to reduce memory usage. Loaded Objects now: 1894.
Total: 4.366100 ms (FindLiveObjects: 0.189500 ms CreateObjectMapping: 0.066900 ms MarkObjects: 4.081800 ms  DeleteObjects: 0.025800 ms)

AssetImportParameters requested are different than current active one (requested -> active):
  custom:framework-win-MediaFoundation: 216162199b28c13a410421893ffa2e32 -> 
  custom:video-decoder-ogg-theora: a1e56fd34408186e4bbccfd4996cb3dc -> 
  custom:container-muxer-webm: aa71ff27fc2769a1b78a27578f13a17b -> 
  custom:container-demuxer-webm: 4f35f7cbe854078d1ac9338744f61a02 -> 
  custom:container-demuxer-ogg: 62fdf1f143b41e24485cea50d1cbac27 -> 
  custom:video-encoder-webm-vp8: eb34c28f22e8b96e1ab97ce403110664 -> 
  custom:video-codec-MediaFoundation-h265: 746d11721c4dcdbdad8f713fa42b33f4 -> 
  custom:video-decoder-webm-vp8: 9c59270c3fd7afecdb556c50c9e8de78 -> 
  custom:audio-decoder-ogg-vorbis: bf7c407c2cedff20999df2af8eb42d56 -> 
  custom:audio-encoder-webm-vorbis: bf7c407c2cedff20999df2af8eb42d56 -> 
========================================================================
Received Prepare
Registering precompiled user dll's ...
Registered in 0.002310 seconds.
Begin MonoManager ReloadAssembly
Native extension for WindowsStandalone target not found
Native extension for WebGL target not found
Refreshing native plugins compatible for Editor in 0.35 ms, found 2 plugins.
Preloading 0 native plugins for Editor in 0.00 ms.
Mono: successfully reloaded assembly
- Completed reload, in  1.260 seconds
Domain Reload Profiling:
	ReloadAssembly (1261ms)
		BeginReloadAssembly (121ms)
			ExecutionOrderSort (0ms)
			DisableScriptedObjects (5ms)
			BackupInstance (0ms)
			ReleaseScriptingObjects (0ms)
			CreateAndSetChildDomain (36ms)
		EndReloadAssembly (1064ms)
			LoadAssemblies (97ms)
			RebuildTransferFunctionScriptingTraits (0ms)
			SetupTypeCache (319ms)
			ReleaseScriptCaches (1ms)
			RebuildScriptCaches (49ms)
			SetupLoadedEditorAssemblies (474ms)
				LogAssemblyErrors (0ms)
				InitializePlatformSupportModulesInManaged (6ms)
				SetLoadedEditorAssemblies (1ms)
				RefreshPlugins (0ms)
				BeforeProcessingInitializeOnLoad (130ms)
				ProcessInitializeOnLoadAttributes (330ms)
				ProcessInitializeOnLoadMethodAttributes (4ms)
				AfterProcessingInitializeOnLoad (3ms)
				EditorAssembliesLoaded (0ms)
			ExecutionOrderSort2 (0ms)
			AwakeInstancesAfterBackupRestoration (8ms)
Platform modules already initialized, skipping
Refreshing native plugins compatible for Editor in 0.34 ms, found 2 plugins.
Preloading 0 native plugins for Editor in 0.00 ms.
Unloading 1391 Unused Serialized files (Serialized files now loaded: 0)
System memory in use before: 68.4 MB.
System memory in use after: 68.5 MB.

Unloading 11 unused Assets to reduce memory usage. Loaded Objects now: 1896.
Total: 3.259400 ms (FindLiveObjects: 0.155300 ms CreateObjectMapping: 0.047600 ms MarkObjects: 3.036200 ms  DeleteObjects: 0.019000 ms)

AssetImportParameters requested are different than current active one (requested -> active):
  custom:framework-win-MediaFoundation: 216162199b28c13a410421893ffa2e32 -> 
  custom:video-decoder-ogg-theora: a1e56fd34408186e4bbccfd4996cb3dc -> 
  custom:container-muxer-webm: aa71ff27fc2769a1b78a27578f13a17b -> 
  custom:container-demuxer-webm: 4f35f7cbe854078d1ac9338744f61a02 -> 
  custom:container-demuxer-ogg: 62fdf1f143b41e24485cea50d1cbac27 -> 
  custom:video-encoder-webm-vp8: eb34c28f22e8b96e1ab97ce403110664 -> 
  custom:video-codec-MediaFoundation-h265: 746d11721c4dcdbdad8f713fa42b33f4 -> 
  custom:video-decoder-webm-vp8: 9c59270c3fd7afecdb556c50c9e8de78 -> 
  custom:audio-decoder-ogg-vorbis: bf7c407c2cedff20999df2af8eb42d56 -> 
  custom:audio-encoder-webm-vorbis: bf7c407c2cedff20999df2af8eb42d56 -> 
========================================================================
Received Prepare
Registering precompiled user dll's ...
Registered in 0.002266 seconds.
Begin MonoManager ReloadAssembly
Native extension for WindowsStandalone target not found
Native extension for WebGL target not found
Refreshing native plugins compatible for Editor in 0.34 ms, found 2 plugins.
Preloading 0 native plugins for Editor in 0.00 ms.
Mono: successfully reloaded assembly
- Completed reload, in  1.252 seconds
Domain Reload Profiling:
	ReloadAssembly (1253ms)
		BeginReloadAssembly (173ms)
			ExecutionOrderSort (0ms)
			DisableScriptedObjects (8ms)
			BackupInstance (0ms)
			ReleaseScriptingObjects (0ms)
			CreateAndSetChildDomain (86ms)
		EndReloadAssembly (1002ms)
			LoadAssemblies (105ms)
			RebuildTransferFunctionScriptingTraits (0ms)
			SetupTypeCache (341ms)
			ReleaseScriptCaches (1ms)
			RebuildScriptCaches (43ms)
			SetupLoadedEditorAssemblies (378ms)
				LogAssemblyErrors (0ms)
				InitializePlatformSupportModulesInManaged (7ms)
				SetLoadedEditorAssemblies (1ms)
				RefreshPlugins (0ms)
				BeforeProcessingInitializeOnLoad (103ms)
				ProcessInitializeOnLoadAttributes (259ms)
				ProcessInitializeOnLoadMethodAttributes (4ms)
				AfterProcessingInitializeOnLoad (4ms)
				EditorAssembliesLoaded (0ms)
			ExecutionOrderSort2 (0ms)
			AwakeInstancesAfterBackupRestoration (16ms)
Platform modules already initialized, skipping
Refreshing native plugins compatible for Editor in 0.35 ms, found 2 plugins.
Preloading 0 native plugins for Editor in 0.00 ms.
Unloading 1391 Unused Serialized files (Serialized files now loaded: 0)
System memory in use before: 68.4 MB.
System memory in use after: 68.5 MB.

Unloading 11 unused Assets to reduce memory usage. Loaded Objects now: 1898.
Total: 3.717300 ms (FindLiveObjects: 0.221000 ms CreateObjectMapping: 0.097900 ms MarkObjects: 3.370800 ms  DeleteObjects: 0.025000 ms)

AssetImportParameters requested are different than current active one (requested -> active):
  custom:framework-win-MediaFoundation: 216162199b28c13a410421893ffa2e32 -> 
  custom:video-decoder-ogg-theora: a1e56fd34408186e4bbccfd4996cb3dc -> 
  custom:container-muxer-webm: aa71ff27fc2769a1b78a27578f13a17b -> 
  custom:container-demuxer-webm: 4f35f7cbe854078d1ac9338744f61a02 -> 
  custom:container-demuxer-ogg: 62fdf1f143b41e24485cea50d1cbac27 -> 
  custom:video-encoder-webm-vp8: eb34c28f22e8b96e1ab97ce403110664 -> 
  custom:video-codec-MediaFoundation-h265: 746d11721c4dcdbdad8f713fa42b33f4 -> 
  custom:video-decoder-webm-vp8: 9c59270c3fd7afecdb556c50c9e8de78 -> 
  custom:audio-decoder-ogg-vorbis: bf7c407c2cedff20999df2af8eb42d56 -> 
  custom:audio-encoder-webm-vorbis: bf7c407c2cedff20999df2af8eb42d56 -> 
========================================================================
Received Import Request.
  Time since last request: 7612.094019 seconds.
  path: Assets/Scripts/DestroyBalls.cs
  artifactKey: Guid(a0d03ab61d74d2f478deaf8430db0a4f) Importer(815301076,1909f56bfc062723c751e8b465ee728b)
Start importing Assets/Scripts/DestroyBalls.cs using Guid(a0d03ab61d74d2f478deaf8430db0a4f) Importer(815301076,1909f56bfc062723c751e8b465ee728b)  -> (artifact id: '88bd63f3238686f56c97877a6b30372c') in 0.030277 seconds 
  Import took 0.111489 seconds .

========================================================================
Received Prepare
Registering precompiled user dll's ...
Registered in 0.004029 seconds.
Begin MonoManager ReloadAssembly
Native extension for WindowsStandalone target not found
Native extension for WebGL target not found
Refreshing native plugins compatible for Editor in 0.40 ms, found 2 plugins.
Preloading 0 native plugins for Editor in 0.00 ms.
Mono: successfully reloaded assembly
- Completed reload, in  1.650 seconds
Domain Reload Profiling:
	ReloadAssembly (1650ms)
		BeginReloadAssembly (188ms)
			ExecutionOrderSort (0ms)
			DisableScriptedObjects (7ms)
			BackupInstance (0ms)
			ReleaseScriptingObjects (0ms)
			CreateAndSetChildDomain (49ms)
		EndReloadAssembly (1259ms)
			LoadAssemblies (170ms)
			RebuildTransferFunctionScriptingTraits (0ms)
			SetupTypeCache (509ms)
			ReleaseScriptCaches (1ms)
			RebuildScriptCaches (56ms)
			SetupLoadedEditorAssemblies (405ms)
				LogAssemblyErrors (0ms)
				InitializePlatformSupportModulesInManaged (8ms)
				SetLoadedEditorAssemblies (1ms)
				RefreshPlugins (0ms)
				BeforeProcessingInitializeOnLoad (99ms)
				ProcessInitializeOnLoadAttributes (289ms)
				ProcessInitializeOnLoadMethodAttributes (4ms)
				AfterProcessingInitializeOnLoad (3ms)
				EditorAssembliesLoaded (0ms)
			ExecutionOrderSort2 (0ms)
			AwakeInstancesAfterBackupRestoration (11ms)
Platform modules already initialized, skipping
Refreshing native plugins compatible for Editor in 0.35 ms, found 2 plugins.
Preloading 0 native plugins for Editor in 0.00 ms.
Unloading 1392 Unused Serialized files (Serialized files now loaded: 0)
System memory in use before: 68.4 MB.
System memory in use after: 68.6 MB.

Unloading 11 unused Assets to reduce memory usage. Loaded Objects now: 1901.
Total: 3.004800 ms (FindLiveObjects: 0.168500 ms CreateObjectMapping: 0.053100 ms MarkObjects: 2.762300 ms  DeleteObjects: 0.019700 ms)

AssetImportParameters requested are different than current active one (requested -> active):
  custom:framework-win-MediaFoundation: 216162199b28c13a410421893ffa2e32 -> 
  custom:video-decoder-ogg-theora: a1e56fd34408186e4bbccfd4996cb3dc -> 
  custom:container-muxer-webm: aa71ff27fc2769a1b78a27578f13a17b -> 
  custom:container-demuxer-webm: 4f35f7cbe854078d1ac9338744f61a02 -> 
  custom:container-demuxer-ogg: 62fdf1f143b41e24485cea50d1cbac27 -> 
  custom:video-encoder-webm-vp8: eb34c28f22e8b96e1ab97ce403110664 -> 
  custom:video-codec-MediaFoundation-h265: 746d11721c4dcdbdad8f713fa42b33f4 -> 
  custom:video-decoder-webm-vp8: 9c59270c3fd7afecdb556c50c9e8de78 -> 
  custom:audio-decoder-ogg-vorbis: bf7c407c2cedff20999df2af8eb42d56 -> 
  custom:audio-encoder-webm-vorbis: bf7c407c2cedff20999df2af8eb42d56 -> 
========================================================================
Received Import Request.
  Time since last request: 52.714506 seconds.
  path: Assets/Scripts/DestroyBalls.cs
  artifactKey: Guid(a0d03ab61d74d2f478deaf8430db0a4f) Importer(815301076,1909f56bfc062723c751e8b465ee728b)
Start importing Assets/Scripts/DestroyBalls.cs using Guid(a0d03ab61d74d2f478deaf8430db0a4f) Importer(815301076,1909f56bfc062723c751e8b465ee728b)  -> (artifact id: 'b5bdf234877d2f28fcf486d04f430531') in 0.008893 seconds 
  Import took 0.050315 seconds .

========================================================================
Received Prepare
Registering precompiled user dll's ...
Registered in 0.006602 seconds.
Begin MonoManager ReloadAssembly
Native extension for WindowsStandalone target not found
Native extension for WebGL target not found
Refreshing native plugins compatible for Editor in 0.33 ms, found 2 plugins.
Preloading 0 native plugins for Editor in 0.00 ms.
Mono: successfully reloaded assembly
- Completed reload, in  1.348 seconds
Domain Reload Profiling:
	ReloadAssembly (1348ms)
		BeginReloadAssembly (136ms)
			ExecutionOrderSort (0ms)
			DisableScriptedObjects (8ms)
			BackupInstance (0ms)
			ReleaseScriptingObjects (0ms)
			CreateAndSetChildDomain (41ms)
		EndReloadAssembly (1105ms)
			LoadAssemblies (136ms)
			RebuildTransferFunctionScriptingTraits (0ms)
			SetupTypeCache (471ms)
			ReleaseScriptCaches (1ms)
			RebuildScriptCaches (45ms)
			SetupLoadedEditorAssemblies (337ms)
				LogAssemblyErrors (0ms)
				InitializePlatformSupportModulesInManaged (7ms)
				SetLoadedEditorAssemblies (1ms)
				RefreshPlugins (0ms)
				BeforeProcessingInitializeOnLoad (76ms)
				ProcessInitializeOnLoadAttributes (246ms)
				ProcessInitializeOnLoadMethodAttributes (4ms)
				AfterProcessingInitializeOnLoad (3ms)
				EditorAssembliesLoaded (0ms)
			ExecutionOrderSort2 (0ms)
			AwakeInstancesAfterBackupRestoration (8ms)
Platform modules already initialized, skipping
Refreshing native plugins compatible for Editor in 0.58 ms, found 2 plugins.
Preloading 0 native plugins for Editor in 0.00 ms.
Unloading 1392 Unused Serialized files (Serialized files now loaded: 0)
System memory in use before: 68.5 MB.
System memory in use after: 68.6 MB.

Unloading 11 unused Assets to reduce memory usage. Loaded Objects now: 1903.
Total: 3.928900 ms (FindLiveObjects: 0.203900 ms CreateObjectMapping: 0.060800 ms MarkObjects: 3.640600 ms  DeleteObjects: 0.021900 ms)

AssetImportParameters requested are different than current active one (requested -> active):
  custom:framework-win-MediaFoundation: 216162199b28c13a410421893ffa2e32 -> 
  custom:video-decoder-ogg-theora: a1e56fd34408186e4bbccfd4996cb3dc -> 
  custom:container-muxer-webm: aa71ff27fc2769a1b78a27578f13a17b -> 
  custom:container-demuxer-webm: 4f35f7cbe854078d1ac9338744f61a02 -> 
  custom:container-demuxer-ogg: 62fdf1f143b41e24485cea50d1cbac27 -> 
  custom:video-encoder-webm-vp8: eb34c28f22e8b96e1ab97ce403110664 -> 
  custom:video-codec-MediaFoundation-h265: 746d11721c4dcdbdad8f713fa42b33f4 -> 
  custom:video-decoder-webm-vp8: 9c59270c3fd7afecdb556c50c9e8de78 -> 
  custom:audio-decoder-ogg-vorbis: bf7c407c2cedff20999df2af8eb42d56 -> 
  custom:audio-encoder-webm-vorbis: bf7c407c2cedff20999df2af8eb42d56 -> 
========================================================================
Received Prepare
Registering precompiled user dll's ...
Registered in 0.002380 seconds.
Begin MonoManager ReloadAssembly
Native extension for WindowsStandalone target not found
Native extension for WebGL target not found
Refreshing native plugins compatible for Editor in 0.35 ms, found 2 plugins.
Preloading 0 native plugins for Editor in 0.00 ms.
Mono: successfully reloaded assembly
- Completed reload, in  1.098 seconds
Domain Reload Profiling:
	ReloadAssembly (1099ms)
		BeginReloadAssembly (129ms)
			ExecutionOrderSort (0ms)
			DisableScriptedObjects (5ms)
			BackupInstance (0ms)
			ReleaseScriptingObjects (0ms)
			CreateAndSetChildDomain (38ms)
		EndReloadAssembly (900ms)
			LoadAssemblies (100ms)
			RebuildTransferFunctionScriptingTraits (0ms)
			SetupTypeCache (304ms)
			ReleaseScriptCaches (1ms)
			RebuildScriptCaches (45ms)
			SetupLoadedEditorAssemblies (342ms)
				LogAssemblyErrors (0ms)
				InitializePlatformSupportModulesInManaged (7ms)
				SetLoadedEditorAssemblies (1ms)
				RefreshPlugins (0ms)
				BeforeProcessingInitializeOnLoad (84ms)
				ProcessInitializeOnLoadAttributes (244ms)
				ProcessInitializeOnLoadMethodAttributes (4ms)
				AfterProcessingInitializeOnLoad (3ms)
				EditorAssembliesLoaded (0ms)
			ExecutionOrderSort2 (0ms)
			AwakeInstancesAfterBackupRestoration (8ms)
Platform modules already initialized, skipping
Refreshing native plugins compatible for Editor in 0.32 ms, found 2 plugins.
Preloading 0 native plugins for Editor in 0.00 ms.
Unloading 1392 Unused Serialized files (Serialized files now loaded: 0)
System memory in use before: 68.5 MB.
System memory in use after: 68.6 MB.

Unloading 11 unused Assets to reduce memory usage. Loaded Objects now: 1905.
Total: 3.669700 ms (FindLiveObjects: 0.186500 ms CreateObjectMapping: 0.047100 ms MarkObjects: 3.413300 ms  DeleteObjects: 0.021500 ms)

AssetImportParameters requested are different than current active one (requested -> active):
  custom:framework-win-MediaFoundation: 216162199b28c13a410421893ffa2e32 -> 
  custom:video-decoder-ogg-theora: a1e56fd34408186e4bbccfd4996cb3dc -> 
  custom:container-muxer-webm: aa71ff27fc2769a1b78a27578f13a17b -> 
  custom:container-demuxer-webm: 4f35f7cbe854078d1ac9338744f61a02 -> 
  custom:container-demuxer-ogg: 62fdf1f143b41e24485cea50d1cbac27 -> 
  custom:video-encoder-webm-vp8: eb34c28f22e8b96e1ab97ce403110664 -> 
  custom:video-codec-MediaFoundation-h265: 746d11721c4dcdbdad8f713fa42b33f4 -> 
  custom:video-decoder-webm-vp8: 9c59270c3fd7afecdb556c50c9e8de78 -> 
  custom:audio-decoder-ogg-vorbis: bf7c407c2cedff20999df2af8eb42d56 -> 
  custom:audio-encoder-webm-vorbis: bf7c407c2cedff20999df2af8eb42d56 -> 
========================================================================
Received Prepare
Registering precompiled user dll's ...
Registered in 0.004258 seconds.
Begin MonoManager ReloadAssembly
Native extension for WindowsStandalone target not found
Native extension for WebGL target not found
Refreshing native plugins compatible for Editor in 0.33 ms, found 2 plugins.
Preloading 0 native plugins for Editor in 0.00 ms.
Mono: successfully reloaded assembly
- Completed reload, in  1.277 seconds
Domain Reload Profiling:
	ReloadAssembly (1278ms)
		BeginReloadAssembly (115ms)
			ExecutionOrderSort (0ms)
			DisableScriptedObjects (5ms)
			BackupInstance (0ms)
			ReleaseScriptingObjects (0ms)
			CreateAndSetChildDomain (33ms)
		EndReloadAssembly (1093ms)
			LoadAssemblies (95ms)
			RebuildTransferFunctionScriptingTraits (0ms)
			SetupTypeCache (374ms)
			ReleaseScriptCaches (1ms)
			RebuildScriptCaches (44ms)
			SetupLoadedEditorAssemblies (402ms)
				LogAssemblyErrors (0ms)
				InitializePlatformSupportModulesInManaged (6ms)
				SetLoadedEditorAssemblies (0ms)
				RefreshPlugins (0ms)
				BeforeProcessingInitializeOnLoad (83ms)
				ProcessInitializeOnLoadAttributes (305ms)
				ProcessInitializeOnLoadMethodAttributes (4ms)
				AfterProcessingInitializeOnLoad (3ms)
				EditorAssembliesLoaded (0ms)
			ExecutionOrderSort2 (0ms)
			AwakeInstancesAfterBackupRestoration (8ms)
Platform modules already initialized, skipping
Switching build target platform(19) subTarget(0) extendedPlatform(0) -> platform(13) subTarget(537395200) extendedPlatform(0)
Refreshing native plugins compatible for Editor in 0.52 ms, found 2 plugins.
Preloading 0 native plugins for Editor in 0.00 ms.
Unloading 1396 Unused Serialized files (Serialized files now loaded: 0)
System memory in use before: 68.5 MB.
System memory in use after: 68.6 MB.

Unloading 11 unused Assets to reduce memory usage. Loaded Objects now: 1907.
Total: 3.578500 ms (FindLiveObjects: 0.176600 ms CreateObjectMapping: 0.049400 ms MarkObjects: 3.329200 ms  DeleteObjects: 0.022000 ms)

AssetImportParameters requested are different than current active one (requested -> active):
  custom:framework-win-MediaFoundation: 216162199b28c13a410421893ffa2e32 -> 
  custom:video-decoder-ogg-theora: a1e56fd34408186e4bbccfd4996cb3dc -> 
  custom:container-muxer-webm: aa71ff27fc2769a1b78a27578f13a17b -> 
  custom:container-demuxer-webm: 4f35f7cbe854078d1ac9338744f61a02 -> 
  custom:container-demuxer-ogg: 62fdf1f143b41e24485cea50d1cbac27 -> 
  custom:video-encoder-webm-vp8: eb34c28f22e8b96e1ab97ce403110664 -> 
  custom:video-codec-MediaFoundation-h265: 746d11721c4dcdbdad8f713fa42b33f4 -> 
  custom:video-decoder-webm-vp8: 9c59270c3fd7afecdb556c50c9e8de78 -> 
  custom:graphics/normal-map-encoding: 01000000000000000000000000000000 -> 02000000000000000000000000000000
  custom:audio-decoder-ogg-vorbis: bf7c407c2cedff20999df2af8eb42d56 -> 
  custom:audio-encoder-webm-vorbis: bf7c407c2cedff20999df2af8eb42d56 -> 
========================================================================
Received Prepare
Refreshing native plugins compatible for Editor in 2.02 ms, found 2 plugins.
Preloading 0 native plugins for Editor in 0.00 ms.
Unloading 9 Unused Serialized files (Serialized files now loaded: 0)
System memory in use before: 41.0 MB.
System memory in use after: 41.1 MB.

Unloading 9 unused Assets to reduce memory usage. Loaded Objects now: 1907.
Total: 3.213300 ms (FindLiveObjects: 0.160800 ms CreateObjectMapping: 0.052100 ms MarkObjects: 2.976100 ms  DeleteObjects: 0.023300 ms)

AssetImportParameters requested are different than current active one (requested -> active):
  custom:framework-win-MediaFoundation: 216162199b28c13a410421893ffa2e32 -> 
  custom:video-decoder-ogg-theora: a1e56fd34408186e4bbccfd4996cb3dc -> 
  custom:container-muxer-webm: aa71ff27fc2769a1b78a27578f13a17b -> 
  custom:container-demuxer-webm: 4f35f7cbe854078d1ac9338744f61a02 -> 
  custom:container-demuxer-ogg: 62fdf1f143b41e24485cea50d1cbac27 -> 
  custom:video-encoder-webm-vp8: eb34c28f22e8b96e1ab97ce403110664 -> 
  custom:video-codec-MediaFoundation-h265: 746d11721c4dcdbdad8f713fa42b33f4 -> 
  custom:video-decoder-webm-vp8: 9c59270c3fd7afecdb556c50c9e8de78 -> 
  custom:audio-decoder-ogg-vorbis: bf7c407c2cedff20999df2af8eb42d56 -> 
  custom:audio-encoder-webm-vorbis: bf7c407c2cedff20999df2af8eb42d56 -> 
========================================================================
Received Prepare
Refreshing native plugins compatible for Editor in 5.88 ms, found 2 plugins.
Preloading 0 native plugins for Editor in 0.00 ms.
Unloading 9 Unused Serialized files (Serialized files now loaded: 0)
System memory in use before: 41.0 MB.
System memory in use after: 41.1 MB.

Unloading 9 unused Assets to reduce memory usage. Loaded Objects now: 1907.
Total: 7.302300 ms (FindLiveObjects: 0.246900 ms CreateObjectMapping: 0.082900 ms MarkObjects: 6.945000 ms  DeleteObjects: 0.025700 ms)

AssetImportParameters requested are different than current active one (requested -> active):
  custom:framework-win-MediaFoundation: 216162199b28c13a410421893ffa2e32 -> 
  custom:video-decoder-ogg-theora: a1e56fd34408186e4bbccfd4996cb3dc -> 
  custom:container-muxer-webm: aa71ff27fc2769a1b78a27578f13a17b -> 
  custom:container-demuxer-webm: 4f35f7cbe854078d1ac9338744f61a02 -> 
  custom:container-demuxer-ogg: 62fdf1f143b41e24485cea50d1cbac27 -> 
  custom:video-encoder-webm-vp8: eb34c28f22e8b96e1ab97ce403110664 -> 
  custom:video-codec-MediaFoundation-h265: 746d11721c4dcdbdad8f713fa42b33f4 -> 
  custom:video-decoder-webm-vp8: 9c59270c3fd7afecdb556c50c9e8de78 -> 
  custom:audio-decoder-ogg-vorbis: bf7c407c2cedff20999df2af8eb42d56 -> 
  custom:audio-encoder-webm-vorbis: bf7c407c2cedff20999df2af8eb42d56 -> 
========================================================================
Received Prepare
Registering precompiled user dll's ...
Registered in 0.002246 seconds.
Begin MonoManager ReloadAssembly
Native extension for WindowsStandalone target not found
Native extension for WebGL target not found
Refreshing native plugins compatible for Editor in 0.40 ms, found 2 plugins.
Preloading 0 native plugins for Editor in 0.00 ms.
Mono: successfully reloaded assembly
- Completed reload, in  1.402 seconds
Domain Reload Profiling:
	ReloadAssembly (1403ms)
		BeginReloadAssembly (166ms)
			ExecutionOrderSort (0ms)
			DisableScriptedObjects (7ms)
			BackupInstance (0ms)
			ReleaseScriptingObjects (0ms)
			CreateAndSetChildDomain (42ms)
		EndReloadAssembly (1139ms)
			LoadAssemblies (131ms)
			RebuildTransferFunctionScriptingTraits (0ms)
			SetupTypeCache (399ms)
			ReleaseScriptCaches (1ms)
			RebuildScriptCaches (55ms)
			SetupLoadedEditorAssemblies (394ms)
				LogAssemblyErrors (0ms)
				InitializePlatformSupportModulesInManaged (7ms)
				SetLoadedEditorAssemblies (0ms)
				RefreshPlugins (1ms)
				BeforeProcessingInitializeOnLoad (84ms)
				ProcessInitializeOnLoadAttributes (296ms)
				ProcessInitializeOnLoadMethodAttributes (4ms)
				AfterProcessingInitializeOnLoad (3ms)
				EditorAssembliesLoaded (0ms)
			ExecutionOrderSort2 (0ms)
			AwakeInstancesAfterBackupRestoration (9ms)
Platform modules already initialized, skipping
Switching build target platform(19) subTarget(0) extendedPlatform(0) -> platform(13) subTarget(537395200) extendedPlatform(0)
Refreshing native plugins compatible for Editor in 0.32 ms, found 2 plugins.
Preloading 0 native plugins for Editor in 0.00 ms.
Unloading 1396 Unused Serialized files (Serialized files now loaded: 0)
System memory in use before: 68.5 MB.
System memory in use after: 68.6 MB.

Unloading 11 unused Assets to reduce memory usage. Loaded Objects now: 1909.
Total: 3.572100 ms (FindLiveObjects: 0.161200 ms CreateObjectMapping: 0.046300 ms MarkObjects: 3.342400 ms  DeleteObjects: 0.020900 ms)

AssetImportParameters requested are different than current active one (requested -> active):
  custom:framework-win-MediaFoundation: 216162199b28c13a410421893ffa2e32 -> 
  custom:video-decoder-ogg-theora: a1e56fd34408186e4bbccfd4996cb3dc -> 
  custom:container-muxer-webm: aa71ff27fc2769a1b78a27578f13a17b -> 
  custom:container-demuxer-webm: 4f35f7cbe854078d1ac9338744f61a02 -> 
  custom:container-demuxer-ogg: 62fdf1f143b41e24485cea50d1cbac27 -> 
  custom:video-encoder-webm-vp8: eb34c28f22e8b96e1ab97ce403110664 -> 
  custom:video-codec-MediaFoundation-h265: 746d11721c4dcdbdad8f713fa42b33f4 -> 
  custom:video-decoder-webm-vp8: 9c59270c3fd7afecdb556c50c9e8de78 -> 
  custom:graphics/normal-map-encoding: 01000000000000000000000000000000 -> 02000000000000000000000000000000
  custom:audio-decoder-ogg-vorbis: bf7c407c2cedff20999df2af8eb42d56 -> 
  custom:audio-encoder-webm-vorbis: bf7c407c2cedff20999df2af8eb42d56 -> 
========================================================================
Received Prepare
Registering precompiled user dll's ...
Registered in 0.002770 seconds.
Begin MonoManager ReloadAssembly
Native extension for WindowsStandalone target not found
Native extension for WebGL target not found
Refreshing native plugins compatible for Editor in 0.45 ms, found 2 plugins.
Preloading 0 native plugins for Editor in 0.00 ms.
Mono: successfully reloaded assembly
- Completed reload, in  1.390 seconds
Domain Reload Profiling:
	ReloadAssembly (1390ms)
		BeginReloadAssembly (194ms)
			ExecutionOrderSort (0ms)
			DisableScriptedObjects (16ms)
			BackupInstance (0ms)
			ReleaseScriptingObjects (0ms)
			CreateAndSetChildDomain (79ms)
		EndReloadAssembly (1128ms)
			LoadAssemblies (106ms)
			RebuildTransferFunctionScriptingTraits (0ms)
			SetupTypeCache (399ms)
			ReleaseScriptCaches (1ms)
			RebuildScriptCaches (45ms)
			SetupLoadedEditorAssemblies (414ms)
				LogAssemblyErrors (0ms)
				InitializePlatformSupportModulesInManaged (7ms)
				SetLoadedEditorAssemblies (1ms)
				RefreshPlugins (1ms)
				BeforeProcessingInitializeOnLoad (83ms)
				ProcessInitializeOnLoadAttributes (316ms)
				ProcessInitializeOnLoadMethodAttributes (4ms)
				AfterProcessingInitializeOnLoad (3ms)
				EditorAssembliesLoaded (0ms)
			ExecutionOrderSort2 (0ms)
			AwakeInstancesAfterBackupRestoration (7ms)
Platform modules already initialized, skipping
Switching build target platform(19) subTarget(0) extendedPlatform(0) -> platform(13) subTarget(537395200) extendedPlatform(0)
Refreshing native plugins compatible for Editor in 0.34 ms, found 2 plugins.
Preloading 0 native plugins for Editor in 0.00 ms.
Unloading 1396 Unused Serialized files (Serialized files now loaded: 0)
System memory in use before: 68.5 MB.
System memory in use after: 68.6 MB.

Unloading 11 unused Assets to reduce memory usage. Loaded Objects now: 1911.
Total: 3.327500 ms (FindLiveObjects: 0.252700 ms CreateObjectMapping: 0.099700 ms MarkObjects: 2.948400 ms  DeleteObjects: 0.023800 ms)

AssetImportParameters requested are different than current active one (requested -> active):
  custom:framework-win-MediaFoundation: 216162199b28c13a410421893ffa2e32 -> 
  custom:video-decoder-ogg-theora: a1e56fd34408186e4bbccfd4996cb3dc -> 
  custom:container-muxer-webm: aa71ff27fc2769a1b78a27578f13a17b -> 
  custom:container-demuxer-webm: 4f35f7cbe854078d1ac9338744f61a02 -> 
  custom:container-demuxer-ogg: 62fdf1f143b41e24485cea50d1cbac27 -> 
  custom:video-encoder-webm-vp8: eb34c28f22e8b96e1ab97ce403110664 -> 
  custom:video-codec-MediaFoundation-h265: 746d11721c4dcdbdad8f713fa42b33f4 -> 
  custom:video-decoder-webm-vp8: 9c59270c3fd7afecdb556c50c9e8de78 -> 
  custom:graphics/normal-map-encoding: 01000000000000000000000000000000 -> 02000000000000000000000000000000
  custom:audio-decoder-ogg-vorbis: bf7c407c2cedff20999df2af8eb42d56 -> 
  custom:audio-encoder-webm-vorbis: bf7c407c2cedff20999df2af8eb42d56 -> 
AssetImportWorkerClient::OnTransportError - code=2 error=End of file
